\BOOKMARK [0][-]{chapter.1}{\376\377\000E\000f\000e\000c\000t\000o\000\040\000H\000a\000l\000l\000\040\000e\000n\000\040\000p\000-\000G\000e\000r\000m\000a\000n\000i\000u\000m\000.}{}% 1
\BOOKMARK [1][-]{section.1.1}{\376\377\000I\000n\000t\000r\000o\000d\000u\000c\000c\000i\000\363\000n}{chapter.1}% 2
\BOOKMARK [1][-]{section.1.2}{\376\377\000F\000u\000n\000d\000a\000m\000e\000n\000t\000o\000\040\000t\000e\000\363\000r\000i\000c\000o}{chapter.1}% 3
\BOOKMARK [1][-]{section.1.3}{\376\377\000M\000o\000n\000t\000a\000j\000e\000\040\000e\000x\000p\000e\000r\000i\000m\000e\000n\000t\000a\000l}{chapter.1}% 4
\BOOKMARK [1][-]{section.1.4}{\376\377\000P\000r\000o\000p\000a\000g\000a\000c\000i\000\363\000n\000\040\000d\000e\000\040\000e\000r\000r\000o\000r\000e\000s}{chapter.1}% 5
\BOOKMARK [1][-]{section.1.5}{\376\377\000E\000x\000p\000e\000r\000i\000m\000e\000n\000t\000o\000s\000\040\000y\000\040\000r\000e\000s\000u\000l\000t\000a\000d\000o\000s}{chapter.1}% 6
\BOOKMARK [2][-]{subsection.1.5.1}{\376\377\000R\000e\000l\000a\000c\000i\000\363\000n\000\040\000P\000o\000t\000e\000n\000c\000i\000a\000l\000\040\000d\000e\000\040\000H\000a\000l\000l\000\040\000-\000\040\000I\000n\000t\000e\000n\000s\000i\000d\000a\000d}{section.1.5}% 7
\BOOKMARK [2][-]{subsection.1.5.2}{\376\377\000R\000e\000l\000a\000c\000i\000\363\000n\000\040\000P\000o\000t\000e\000n\000c\000i\000a\000l\000\040\000-\000\040\000I\000n\000t\000e\000n\000s\000i\000d\000a\000d\000\040\000d\000e\000l\000\040\000c\000a\000m\000p\000o\000\040\000m\000a\000g\000n\000\351\000t\000i\000c\000o}{section.1.5}% 8
\BOOKMARK [2][-]{subsection.1.5.3}{\376\377\000R\000e\000s\000i\000s\000t\000e\000n\000c\000i\000a\000\040\000r\000e\000l\000a\000t\000i\000v\000a\000\040\000v\000s\000\040\000i\000n\000t\000e\000n\000s\000i\000d\000a\000d\000\040\000d\000e\000l\000\040\000c\000a\000m\000p\000o\000\040\000m\000a\000g\000n\000\351\000t\000i\000c\000o}{section.1.5}% 9
\BOOKMARK [2][-]{subsection.1.5.4}{\376\377\000V\000a\000r\000i\000a\000c\000i\000\363\000n\000\040\000d\000e\000l\000\040\000p\000o\000t\000e\000n\000c\000i\000a\000l\000\040\000d\000e\000\040\000h\000a\000l\000l\000\040\000c\000o\000n\000\040\000l\000a\000\040\000t\000e\000m\000p\000e\000r\000a\000t\000u\000r\000a\000.}{section.1.5}% 10
\BOOKMARK [2][-]{subsection.1.5.5}{\376\377\000G\000a\000p\000\040\000d\000e\000\040\000e\000n\000e\000r\000g\000\355\000a\000\040\000e\000n\000\040\000l\000a\000\040\000z\000o\000n\000a\000\040\000d\000e\000\040\000c\000o\000n\000d\000u\000c\000t\000i\000v\000i\000d\000a\000d\000\040\000i\000n\000t\000r\000\355\000n\000s\000e\000c\000a\000.}{section.1.5}% 11
\BOOKMARK [1][-]{section.1.6}{\376\377\000D\000i\000s\000c\000u\000s\000i\000\363\000n}{chapter.1}% 12
\BOOKMARK [1][-]{section.1.7}{\376\377\000C\000o\000n\000c\000l\000u\000s\000i\000o\000n\000e\000s}{chapter.1}% 13
\BOOKMARK [1][-]{section.1.8}{\376\377\000R\000e\000f\000e\000r\000e\000n\000c\000i\000a\000s}{chapter.1}% 14
\BOOKMARK [1][-]{section.1.9}{\376\377\000R\000e\000f\000e\000r\000e\000n\000c\000i\000a\000s}{chapter.1}% 15
\BOOKMARK [0][-]{chapter.2}{\376\377\000D\000i\000f\000r\000a\000c\000c\000i\000\363\000n\000\040\000d\000e\000\040\000r\000a\000y\000o\000s\000\040\000X\000.\000\040\000L\000e\000y\000\040\000d\000e\000\040\000B\000r\000a\000g\000g\000.}{}% 16
\BOOKMARK [1][-]{section.2.1}{\376\377\000I\000n\000t\000r\000o\000d\000u\000c\000c\000i\000\363\000n}{chapter.2}% 17
\BOOKMARK [1][-]{section.2.2}{\376\377\000F\000u\000n\000d\000a\000m\000e\000n\000t\000o\000\040\000t\000e\000\363\000r\000i\000c\000o}{chapter.2}% 18
\BOOKMARK [1][-]{section.2.3}{\376\377\000D\000e\000s\000c\000r\000i\000p\000c\000i\000\363\000n\000\040\000d\000e\000l\000\040\000e\000x\000p\000e\000r\000i\000m\000e\000n\000t\000o}{chapter.2}% 19
\BOOKMARK [1][-]{section.2.4}{\376\377\000P\000r\000o\000p\000a\000g\000a\000c\000i\000\363\000n\000\040\000d\000e\000\040\000e\000r\000r\000o\000r\000e\000s}{chapter.2}% 20
\BOOKMARK [1][-]{section.2.5}{\376\377\000R\000e\000s\000u\000l\000t\000a\000d\000o\000s}{chapter.2}% 21
\BOOKMARK [2][-]{subsection.2.5.1}{\376\377\000E\000s\000t\000r\000u\000c\000t\000u\000r\000a\000\040\000c\000r\000i\000s\000t\000a\000l\000i\000n\000a\000\040\000d\000e\000l\000\040\000L\000i\000F\000.\000\040\000D\000i\000f\000r\000a\000c\000t\000o\000g\000r\000a\000m\000a\000s}{section.2.5}% 22
\BOOKMARK [2][-]{subsection.2.5.2}{\376\377\000E\000s\000t\000r\000u\000c\000t\000u\000r\000a\000\040\000c\000r\000i\000s\000t\000a\000l\000i\000n\000a\000\040\000d\000e\000l\000\040\000\050\000K\000B\000r\000\051\000.\000\040\000D\000i\000f\000r\000a\000c\000t\000o\000g\000r\000a\000m\000a}{section.2.5}% 23
\BOOKMARK [1][-]{section.2.6}{\376\377\000D\000i\000s\000c\000u\000s\000i\000\363\000n}{chapter.2}% 24
\BOOKMARK [1][-]{section.2.7}{\376\377\000C\000o\000n\000c\000l\000u\000s\000i\000o\000n\000e\000s}{chapter.2}% 25
\BOOKMARK [1][-]{section.2.8}{\376\377\000R\000e\000f\000e\000r\000e\000n\000c\000i\000a\000s}{chapter.2}% 26
\BOOKMARK [0][-]{chapter.3}{\376\377\000T\000r\000a\000n\000s\000i\000c\000i\000\363\000n\000\040\000d\000e\000\040\000f\000a\000s\000e\000\040\000e\000n\000\040\000u\000n\000\040\000s\000i\000s\000t\000e\000m\000a\000\040\000b\000i\000d\000i\000m\000e\000n\000s\000i\000o\000n\000a\000l\000\040\000d\000e\000\040\000p\000a\000r\000t\000\355\000c\000u\000l\000a\000s\000\040\000c\000o\000n\000\040\000p\000o\000t\000e\000n\000c\000i\000a\000l\000e\000s\000\040\000d\000e\000\040\000L\000e\000n\000n\000a\000r\000d\000-\000J\000o\000n\000e\000s\000.}{}% 27
\BOOKMARK [1][-]{section.3.1}{\376\377\000I\000n\000t\000r\000o\000d\000u\000c\000c\000i\000\363\000n}{chapter.3}% 28
\BOOKMARK [1][-]{section.3.2}{\376\377\000F\000u\000n\000d\000a\000m\000e\000n\000t\000o\000\040\000t\000e\000\363\000r\000i\000c\000o}{chapter.3}% 29
\BOOKMARK [2][-]{subsection.3.2.1}{\376\377\000E\000l\000\040\000p\000o\000t\000e\000n\000c\000i\000a\000l\000\040\000d\000e\000\040\000L\000e\000n\000n\000a\000r\000d\000-\000J\000o\000n\000e\000s}{section.3.2}% 30
\BOOKMARK [2][-]{subsection.3.2.2}{\376\377\000A\000l\000g\000o\000r\000i\000t\000m\000o\000\040\000d\000e\000\040\000M\000e\000t\000r\000o\000p\000o\000l\000i\000s\000-\000H\000a\000s\000t\000i\000n\000g}{section.3.2}% 31
\BOOKMARK [2][-]{subsection.3.2.3}{\376\377\000P\000a\000r\000\341\000m\000e\000t\000r\000o\000\040\000o\000r\000i\000e\000n\000t\000a\000c\000i\000o\000n\000a\000l\000\040\000d\000e\000\040\000u\000n\000a\000\040\000p\000a\000r\000t\000\355\000c\000u\000l\000a}{section.3.2}% 32
\BOOKMARK [1][-]{section.3.3}{\376\377\000G\000e\000n\000e\000r\000a\000c\000i\000\363\000n\000\040\000d\000e\000\040\000s\000i\000m\000u\000l\000a\000c\000i\000o\000n\000e\000s}{chapter.3}% 33
\BOOKMARK [2][-]{subsection.3.3.1}{\376\377\000S\000i\000m\000u\000l\000a\000c\000i\000\363\000n\000\040\0001\000:\000\040\000=\000\040\0000\000.\0000\0000\0001\000\040\000\305\000-\0002\000,\000\040\000T\000\040\000=\000\040\0001\000\040\000K}{section.3.3}% 34
\BOOKMARK [2][-]{subsection.3.3.2}{\376\377\000S\000i\000m\000u\000l\000a\000c\000i\000\363\000n\000\040\0002\000:\000\040\000=\000\040\0000\000.\0000\0000\0001\000\040\000\305\000-\0002\000,\000\040\000T\000\040\000=\000\040\0001\0000\0000\000\040\000K}{section.3.3}% 35
\BOOKMARK [2][-]{subsection.3.3.3}{\376\377\000S\000i\000m\000u\000l\000a\000c\000i\000\363\000n\000\040\0003\000:\000\040\000=\000\040\0000\000.\0000\0001\000\040\000\305\000-\0002\000,\000\040\000T\000\040\000=\000\040\0001\000\040\000K}{section.3.3}% 36
\BOOKMARK [2][-]{subsection.3.3.4}{\376\377\000S\000i\000m\000u\000l\000a\000c\000i\000\363\000n\000\040\0004\000:\000\040\000=\000\040\0000\000.\0000\0001\000\040\000\305\000-\0002\000,\000\040\000T\000\040\000=\000\040\0001\0000\0000\000\040\000K}{section.3.3}% 37
\BOOKMARK [2][-]{subsection.3.3.5}{\376\377\000S\000i\000m\000u\000l\000a\000c\000i\000\363\000n\000\040\0005\000:\000\040\000=\000\040\0000\000.\0000\0005\000\040\000\305\000-\0002\000,\000\040\000T\000\040\000=\000\040\0001\000\040\000K}{section.3.3}% 38
\BOOKMARK [2][-]{subsection.3.3.6}{\376\377\000S\000i\000m\000u\000l\000a\000c\000i\000\363\000n\000\040\0006\000:\000\040\000=\000\040\0000\000.\0000\0005\000\040\000\305\000-\0002\000,\000\040\000T\000\040\000=\000\040\0001\0000\0000\000\040\000K}{section.3.3}% 39
\BOOKMARK [2][-]{subsection.3.3.7}{\376\377\000S\000i\000m\000u\000l\000a\000c\000i\000o\000n\000e\000s\000\040\0007\000,\0008\000\040\000y\000\040\0009\000:\000\040\000=\000\040\0000\000.\0001\000\040\000\305\000-\0002\000,\000\040\000T\000\040\000=\000\040\0001\000\040\000K\000,\000\040\000T\000\040\000=\0001\0000\0000\000,\000\040\000T\000=\0001\0000\0000\0000}{section.3.3}% 40
\BOOKMARK [2][-]{subsection.3.3.8}{\376\377\000A\000n\000\341\000l\000i\000s\000i\000s\000\040\000d\000e\000l\000\040\000p\000r\000o\000c\000e\000s\000o\000\040\000d\000e\000\040\000t\000e\000r\000m\000a\000l\000i\000z\000a\000c\000i\000\363\000n}{section.3.3}% 41
\BOOKMARK [1][-]{section.3.4}{\376\377\000C\000o\000n\000c\000l\000u\000s\000i\000o\000n\000e\000s}{chapter.3}% 42
\BOOKMARK [1][-]{section.3.5}{\376\377\000R\000e\000f\000e\000r\000e\000n\000c\000i\000a\000s}{chapter.3}% 43
\BOOKMARK [0][-]{chapter.4}{\376\377\000A\000n\000\341\000l\000i\000s\000i\000s\000\040\000d\000e\000\040\000c\000u\000r\000v\000a\000s\000\040\000c\000a\000r\000a\000c\000t\000e\000r\000\355\000s\000t\000i\000c\000a\000s\000\040\000d\000e\000\040\000u\000n\000a\000\040\000c\000\351\000l\000u\000l\000a\000\040\000s\000o\000l\000a\000r\000.}{}% 44
\BOOKMARK [1][-]{section.4.1}{\376\377\000I\000n\000t\000r\000o\000d\000u\000c\000c\000i\000\363\000n}{chapter.4}% 45
\BOOKMARK [1][-]{section.4.2}{\376\377\000F\000u\000n\000d\000a\000m\000e\000n\000t\000o\000\040\000t\000e\000\363\000r\000i\000c\000o}{chapter.4}% 46
\BOOKMARK [1][-]{section.4.3}{\376\377\000E\000x\000p\000e\000r\000i\000m\000e\000n\000t\000o\000s\000\040\000y\000\040\000r\000e\000s\000u\000l\000t\000a\000d\000o\000s}{chapter.4}% 47
\BOOKMARK [1][-]{section.4.4}{\376\377\000D\000i\000s\000c\000u\000s\000i\000\363\000n}{chapter.4}% 48
\BOOKMARK [1][-]{section.4.5}{\376\377\000C\000o\000n\000c\000l\000u\000s\000i\000o\000n\000e\000s}{chapter.4}% 49
\BOOKMARK [1][-]{section.4.6}{\376\377\000R\000e\000f\000e\000r\000e\000n\000c\000i\000a\000s}{chapter.4}% 50
