This is LuaHBTeX, Version 1.18.1 (MiKTeX 24.4) (format=lualatex 2025.1.29)  22 FEB 2025 14:00
 restricted system commands enabled.
**informes_fisica_estados_solido.tex
(./informes_fisica_estados_solido.tex
LaTeX2e <2024-11-01> patch level 1
L3 programming layer <2024-12-25>
Lua module: luaotfload 2024-02-14 v3.28 Lua based OpenType font support
Lua module: lualibs 2023-07-13 v2.76 ConTeXt Lua standard libraries.
Lua module: lualibs-extended 2023-07-13 v2.76 ConTeXt Lua libraries -- extended 
collection.
luaotfload | conf : Root cache directory is "C:/Users/pak/AppData/Local/MiKTeX/l
uatex-cache/generic/names".
luaotfload | init : Loading fontloader "fontloader-2023-12-28.lua" from kpse-res
olved path "C:/Users/pak/AppData/Local/Programs/MiKTeX/tex/luatex/luaotfload/fon
tloader-2023-12-28.lua".
Lua-only attribute luaotfload@noligature = 1
luaotfload | init : Context OpenType loader version 3.134
Inserting `luaotfload.node_processor' in `pre_linebreak_filter'.
Inserting `luaotfload.node_processor' in `hpack_filter'.
Inserting `luaotfload.glyph_stream' in `glyph_stream_provider'.
Inserting `luaotfload.define_font' in `define_font'.
Lua-only attribute luaotfload_color_attribute = 2
luaotfload | conf : Root cache directory is "C:/Users/pak/AppData/Local/MiKTeX/l
uatex-cache/generic/names".
Inserting `luaotfload.harf.strip_prefix' in `find_opentype_file'.
Inserting `luaotfload.harf.strip_prefix' in `find_truetype_file'.
Removing  `luaotfload.glyph_stream' from `glyph_stream_provider'.
Inserting `luaotfload.harf.glyphstream' in `glyph_stream_provider'.
Inserting `luaotfload.harf.finalize_vlist' in `post_linebreak_filter'.
Inserting `luaotfload.harf.finalize_hlist' in `hpack_filter'.
Inserting `luaotfload.cleanup_files' in `wrapup_run'.
Inserting `luaotfload.harf.finalize_unicode' in `finish_pdffile'.
Inserting `luaotfload.glyphinfo' in `glyph_info'.
Lua-only attribute luaotfload.letterspace_done = 3
Inserting `luaotfload.aux.set_sscale_dimens' in `luaotfload.patch_font'.
Inserting `luaotfload.aux.set_font_index' in `luaotfload.patch_font'.
Inserting `luaotfload.aux.patch_cambria_domh' in `luaotfload.patch_font'.
Inserting `luaotfload.aux.fixup_fontdata' in `luaotfload.patch_font_unsafe'.
Inserting `luaotfload.aux.set_capheight' in `luaotfload.patch_font'.
Inserting `luaotfload.aux.set_xheight' in `luaotfload.patch_font'.
Inserting `luaotfload.rewrite_fontname' in `luaotfload.patch_font'.
Inserting `tracingstacklevels' in `input_level_string'. (./config.tex
(C:/Users/pak/AppData/Local/Programs/MiKTeX/tex/latex/base/book.cls
Document Class: book 2024/06/29 v1.4n Standard LaTeX document class
(C:/Users/pak/AppData/Local/Programs/MiKTeX/tex/latex/base/bk10.clo
File: bk10.clo 2024/06/29 v1.4n Standard LaTeX file (size option)
luaotfload | db : Font names database loaded from C:/Users/pak/AppData/Local/MiK
TeX/luatex-cache/generic/names/luaotfload-names.luc.gz)
\c@part=\count194
\c@chapter=\count195
\c@section=\count196
\c@subsection=\count197
\c@subsubsection=\count198
\c@paragraph=\count199
\c@subparagraph=\count266
\c@figure=\count267
\c@table=\count268
\abovecaptionskip=\skip49
\belowcaptionskip=\skip50
\bibindent=\dimen140
)
(C:/Users/pak/AppData/Local/Programs/MiKTeX/tex/generic/babel/babel.sty
Package: babel 2025/01/01 v25.1 The multilingual framework for pdfLaTeX, LuaLaT
eX and XeLaTeX

(C:/Users/pak/AppData/Local/Programs/MiKTeX/tex/generic/babel/luababel.def
\bbl@readstream=\read2
\l@afrikaans=\language2
Package babel Info: Non-standard hyphenation setup on input line 118.
\l@ancientgreek=\language3
\l@armenian=\language4
\l@assamese=\language5
\l@basque=\language6
\l@belarusian=\language7
\l@bengali=\language8
\l@bokmal=\language9
\l@bulgarian=\language10
\l@catalan=\language11
\l@churchslavonic=\language12
\l@classiclatin=\language13
\l@coptic=\language14
\l@croatian=\language15
\l@czech=\language16
\l@danish=\language17
\l@dutch=\language18
\l@esperanto=\language19
\l@estonian=\language20
\l@ethiopic=\language21
\l@finnish=\language22
\l@french=\language23
\l@friulan=\language24
\l@galician=\language25
\l@georgian=\language26
\l@german=\language27
\l@greek=\language28
\l@gujarati=\language29
\l@hindi=\language30
\l@hungarian=\language31
\l@icelandic=\language32
\l@indonesian=\language33
\l@interlingua=\language34
\l@irish=\language35
\l@italian=\language36
\l@kannada=\language37
\l@kurmanji=\language38
\l@latin=\language39
\l@latvian=\language40
\l@lithuanian=\language41
\l@liturgicallatin=\language42
\l@macedonian=\language43
\l@malayalam=\language44
\l@marathi=\language45
\l@mongolian=\language46
\l@mongolianlmc=\language47
\l@monogreek=\language48
\l@ngerman=\language49
\l@nynorsk=\language50
\l@occitan=\language51
\l@oriya=\language52
\l@pali=\language53
\l@panjabi=\language54
\l@piedmontese=\language55
\l@polish=\language56
\l@portuguese=\language57
\l@romanian=\language58
\l@romansh=\language59
\l@russian=\language60
\l@sanskrit=\language61
\l@serbian=\language62
\l@serbianc=\language63
\l@slovak=\language64
\l@slovenian=\language65
\l@spanish=\language66
\l@swedish=\language67
\l@swissgerman=\language68
\l@tamil=\language69
\l@telugu=\language70
\l@thai=\language71
\l@turkish=\language72
\l@turkmen=\language73
\l@ukenglish=\language74
\l@ukrainian=\language75
\l@uppersorbian=\language76
\l@usenglishmax=\language77
\l@welsh=\language78
\babelcatcodetablenum=\catcodetable14
\bbl@pattcodes=\catcodetable15
)
\babel@savecnt=\count269
\U@D=\dimen141
\l@unhyphenated=\language79

(C:/Users/pak/AppData/Local/Programs/MiKTeX/tex/generic/babel/luababel.def
\bbl@attr@locale=\attribute4
)
*************************************
* Local config file bblopts.cfg used
*
(C:/Users/pak/AppData/Local/Programs/MiKTeX/tex/latex/arabi/bblopts.cfg
File: bblopts.cfg 2005/09/08 v0.1 add Arabic and Farsi to "declared" options of
 babel
)
(C:/Users/pak/AppData/Local/Programs/MiKTeX/tex/latex/babel-spanish/spanish.ldf
Language: spanish.ldf 2021/05/27 v5.0q Spanish support from the babel system
\es@quottoks=\toks17
\es@quotdepth=\count270
Package babel Info: Making " an active character on input line 570.
Package babel Info: Making < an active character on input line 722.
Package babel Info: Making > an active character on input line 722.

(C:/Users/pak/AppData/Local/Programs/MiKTeX/tex/generic/hyph-utf8/loadhyph/load
hyph-es.tex UTF-8 Spanish hyphenation patterns
(C:/Users/pak/AppData/Local/Programs/MiKTeX/tex/generic/hyph-utf8/patterns/tex/
hyph-es.tex))))
(C:/Users/pak/AppData/Local/Programs/MiKTeX/tex/generic/babel/locale/es/babel-s
panish.tex
Package babel Info: Importing font and identification data for spanish
(babel)             from babel-es.ini. Reported on input line 11.
)
(C:/Users/pak/AppData/Local/Programs/MiKTeX/tex/latex/koma-script/typearea.sty
Package: typearea 2024/10/24 v3.43 KOMA-Script package (type area)

(C:/Users/pak/AppData/Local/Programs/MiKTeX/tex/latex/koma-script/scrkbase.sty
Package: scrkbase 2024/10/24 v3.43 KOMA-Script package (KOMA-Script-dependent b
asics and keyval usage)

(C:/Users/pak/AppData/Local/Programs/MiKTeX/tex/latex/koma-script/scrbase.sty
Package: scrbase 2024/10/24 v3.43 KOMA-Script package (KOMA-Script-independent 
basics and keyval usage)

(C:/Users/pak/AppData/Local/Programs/MiKTeX/tex/latex/koma-script/scrlfile.sty
Package: scrlfile 2024/10/24 v3.43 KOMA-Script package (file load hooks)

(C:/Users/pak/AppData/Local/Programs/MiKTeX/tex/latex/koma-script/scrlfile-hook
.sty
Package: scrlfile-hook 2024/10/24 v3.43 KOMA-Script package (using LaTeX hooks)


(C:/Users/pak/AppData/Local/Programs/MiKTeX/tex/latex/koma-script/scrlogo.sty
Package: scrlogo 2024/10/24 v3.43 KOMA-Script package (logo)
))) (C:/Users/pak/AppData/Local/Programs/MiKTeX/tex/latex/graphics/keyval.sty
Package: keyval 2022/05/29 v1.15 key=value parser (DPC)
\KV@toks@=\toks18
)
Applying: [2021/05/01] Usage of raw or classic option list on input line 254.
Already applied: [0000/00/00] Usage of raw or classic option list on input line
 370.
))
\ta@bcor=\skip51
\ta@div=\count271
\ta@hblk=\skip52
\ta@vblk=\skip53
\ta@temp=\skip54
\footheight=\skip55


Package typearea Warning: Bad type area settings!
(typearea)                The detected line width is about 30%
(typearea)                larger than the heuristically estimated maximum
(typearea)                limit of typographical good line width.
(typearea)                You should e.g. decrease DIV, increase fontsize
(typearea)                or change papersize.

Package typearea Info: These are the values describing the layout:
(typearea)             DIV  = 14
(typearea)             BCOR = 5.69054pt
(typearea)             \paperwidth      = 597.50793pt
(typearea)              \textwidth      = 464.99942pt
(typearea)              DIV departure   = -30%
(typearea)              \evensidemargin = 12.27533pt
(typearea)              \oddsidemargin  = -24.3068pt
(typearea)             \paperheight     = 845.04694pt
(typearea)              \textheight     = 634.0pt
(typearea)              \topmargin      = -11.9095pt
(typearea)              \headheight     = 15.0pt
(typearea)              \headsep        = 18.0pt
(typearea)              \topskip        = 10.0pt
(typearea)              \footskip       = 42.0pt
(typearea)              \baselineskip   = 12.0pt
(typearea)              on input line 1802.
) (C:/Users/pak/AppData/Local/Programs/MiKTeX/tex/latex/fancyhdr/fancyhdr.sty
Package: fancyhdr 2025/01/07 v5.1.1 Extensive control of page headers and foote
rs
\f@nch@headwidth=\skip56
\f@nch@offset@elh=\skip57
\f@nch@offset@erh=\skip58
\f@nch@offset@olh=\skip59
\f@nch@offset@orh=\skip60
\f@nch@offset@elf=\skip61
\f@nch@offset@erf=\skip62
\f@nch@offset@olf=\skip63
\f@nch@offset@orf=\skip64
\f@nch@height=\skip65
\f@nch@footalignment=\skip66
\f@nch@widthL=\skip67
\f@nch@widthC=\skip68
\f@nch@widthR=\skip69
\@temptokenb=\toks19
)
(C:/Users/pak/AppData/Local/Programs/MiKTeX/tex/latex/caption/subcaption.sty
Package: subcaption 2023/07/28 v1.6b Sub-captions (AR)

(C:/Users/pak/AppData/Local/Programs/MiKTeX/tex/latex/caption/caption.sty
Package: caption 2023/08/05 v3.6o Customizing captions (AR)

(C:/Users/pak/AppData/Local/Programs/MiKTeX/tex/latex/caption/caption3.sty
Package: caption3 2023/07/31 v2.4d caption3 kernel (AR)
\caption@tempdima=\dimen142
\captionmargin=\dimen143
\caption@leftmargin=\dimen144
\caption@rightmargin=\dimen145
\caption@width=\dimen146
\caption@indent=\dimen147
\caption@parindent=\dimen148
\caption@hangindent=\dimen149
Package caption Info: Standard document class detected.
)
\c@caption@flags=\count272
\c@continuedfloat=\count273
)
Package caption Info: New subtype `subfigure' on input line 238.
\c@subfigure=\count274
Package caption Info: New subtype `subtable' on input line 238.
\c@subtable=\count275
)
(C:/Users/pak/AppData/Local/Programs/MiKTeX/tex/latex/multirow/multirow.sty
Package: multirow 2024/11/12 v2.9 Span multiple rows of a table
\multirow@colwidth=\skip70
\multirow@cntb=\count276
\multirow@dima=\skip71
\bigstrutjot=\dimen150
)
(C:/Users/pak/AppData/Local/Programs/MiKTeX/tex/latex/siunitx/siunitx.sty
Package: siunitx 2025-01-17 v3.4.2 A comprehensive (SI) units package
\l__siunitx_number_uncert_offset_int=\count277
\l__siunitx_number_exponent_fixed_int=\count278
\l__siunitx_number_min_decimal_int=\count279
\l__siunitx_number_min_integer_int=\count280
\l__siunitx_number_round_precision_int=\count281
\l__siunitx_number_lower_threshold_int=\count282
\l__siunitx_number_upper_threshold_int=\count283
\l__siunitx_number_group_first_int=\count284
\l__siunitx_number_group_size_int=\count285
\l__siunitx_number_group_minimum_int=\count286
\l__siunitx_angle_tmp_dim=\dimen151
\l__siunitx_angle_marker_box=\box52
\l__siunitx_angle_unit_box=\box53
\l__siunitx_compound_count_int=\count287

(C:/Users/pak/AppData/Local/Programs/MiKTeX/tex/latex/translations/translations
.sty
Package: translations 2022/02/05 v1.12 internationalization of LaTeX2e packages
 (CN)

(C:/Users/pak/AppData/Local/Programs/MiKTeX/tex/latex/etoolbox/etoolbox.sty
Package: etoolbox 2020/10/05 v2.5k e-TeX tools for LaTeX (JAW)
\etb@tempcnta=\count288
)
(C:/Users/pak/AppData/Local/Programs/MiKTeX/tex/generic/pdftexcmds/pdftexcmds.s
ty
Package: pdftexcmds 2020-06-27 v0.33 Utility functions of pdfTeX for LuaTeX (HO
)

(C:/Users/pak/AppData/Local/Programs/MiKTeX/tex/generic/infwarerr/infwarerr.sty
Package: infwarerr 2019/12/03 v1.5 Providing info/warning/error messages (HO)
) (C:/Users/pak/AppData/Local/Programs/MiKTeX/tex/generic/iftex/iftex.sty
Package: iftex 2024/12/12 v1.0g TeX engine tests
)
(C:/Users/pak/AppData/Local/Programs/MiKTeX/tex/generic/ltxcmds/ltxcmds.sty
Package: ltxcmds 2023-12-04 v1.26 LaTeX kernel commands for general use (HO)
)
Package pdftexcmds Info: \pdf@primitive is available.
Package pdftexcmds Info: \pdf@ifprimitive is available.
Package pdftexcmds Info: \pdfdraftmode found.
\pdftexcmds@toks=\toks20
))
(C:/Users/pak/AppData/Local/Programs/MiKTeX/tex/latex/amsmath/amstext.sty
Package: amstext 2021/08/26 v2.01 AMS text

(C:/Users/pak/AppData/Local/Programs/MiKTeX/tex/latex/amsmath/amsgen.sty
File: amsgen.sty 1999/11/30 v2.0 generic functions
\@emptytoks=\toks21
\ex@=\dimen152
))
\l__siunitx_table_tmp_box=\box54
\l__siunitx_table_tmp_dim=\dimen153
\l__siunitx_table_column_width_dim=\dimen154
\l__siunitx_table_integer_box=\box55
\l__siunitx_table_decimal_box=\box56
\l__siunitx_table_uncert_box=\box57
\l__siunitx_table_before_box=\box58
\l__siunitx_table_after_box=\box59
\l__siunitx_table_before_dim=\dimen155
\l__siunitx_table_carry_dim=\dimen156
\l__siunitx_unit_tmp_int=\count289
\l__siunitx_unit_position_int=\count290
\l__siunitx_unit_total_int=\count291

(C:/Users/pak/AppData/Local/Programs/MiKTeX/tex/latex/tools/array.sty
Package: array 2024/10/17 v2.6g Tabular extension package (FMi)
\col@sep=\dimen157
\ar@mcellbox=\box60
\extrarowheight=\dimen158
\NC@list=\toks22
\extratabsurround=\skip72
\backup@length=\skip73
\ar@cellbox=\box61
))
(C:/Users/pak/AppData/Local/Programs/MiKTeX/tex/latex/listings/listings.sty
\lst@mode=\count292
\lst@gtempboxa=\box62
\lst@token=\toks23
\lst@length=\count293
\lst@currlwidth=\dimen159
\lst@column=\count294
\lst@pos=\count295
\lst@lostspace=\dimen160
\lst@width=\dimen161
\lst@newlines=\count296
\lst@lineno=\count297
\lst@maxwidth=\dimen162

(C:/Users/pak/AppData/Local/Programs/MiKTeX/tex/latex/listings/lstpatch.sty
File: lstpatch.sty 2024/09/23 1.10c (Carsten Heinz)
)
(C:/Users/pak/AppData/Local/Programs/MiKTeX/tex/latex/listings/lstmisc.sty
File: lstmisc.sty 2024/09/23 1.10c (Carsten Heinz)
\c@lstnumber=\count298
\lst@skipnumbers=\count299
\lst@framebox=\box63
)
(C:/Users/pak/AppData/Local/Programs/MiKTeX/tex/latex/listings/listings.cfg
File: listings.cfg 2024/09/23 1.10c listings configuration
))
Package: listings 2024/09/23 1.10c (Carsten Heinz)

(C:/Users/pak/AppData/Local/Programs/MiKTeX/tex/latex/tools/hhline.sty
Package: hhline 2020/01/04 v2.04 Table rule package (DPC)
)
(C:/Users/pak/AppData/Local/Programs/MiKTeX/tex/latex/xcolor/xcolor.sty
Package: xcolor 2024/09/29 v3.02 LaTeX color extensions (UK)

(C:/Users/pak/AppData/Local/Programs/MiKTeX/tex/latex/graphics-cfg/color.cfg
File: color.cfg 2016/01/02 v1.6 sample color configuration
)
Package xcolor Info: Driver file: luatex.def on input line 274.

(C:/Users/pak/AppData/Local/Programs/MiKTeX/tex/latex/graphics-def/luatex.def
File: luatex.def 2024/04/13 v1.2e Graphics/color driver for luatex
)
(C:/Users/pak/AppData/Local/Programs/MiKTeX/tex/latex/graphics/mathcolor.ltx)
Package xcolor Info: Model `cmy' substituted by `cmy0' on input line 1349.
Package xcolor Info: Model `hsb' substituted by `rgb' on input line 1353.
Package xcolor Info: Model `RGB' extended on input line 1365.
Package xcolor Info: Model `HTML' substituted by `rgb' on input line 1367.
Package xcolor Info: Model `Hsb' substituted by `hsb' on input line 1368.
Package xcolor Info: Model `tHsb' substituted by `hsb' on input line 1369.
Package xcolor Info: Model `HSB' substituted by `hsb' on input line 1370.
Package xcolor Info: Model `Gray' substituted by `gray' on input line 1371.
Package xcolor Info: Model `wave' substituted by `hsb' on input line 1372.
)
(C:/Users/pak/AppData/Local/Programs/MiKTeX/tex/latex/colortbl/colortbl.sty
Package: colortbl 2024/07/06 v1.0i Color table columns (DPC)
\everycr=\toks24
\minrowclearance=\skip74
\rownum=\count300
)
(C:/Users/pak/AppData/Local/Programs/MiKTeX/tex/latex/graphics/dvipsnam.def
File: dvipsnam.def 2016/06/17 v3.0m Driver-dependent file (DPC,SPQR)
)
(C:/Users/pak/AppData/Local/Programs/MiKTeX/tex/latex/geometry/geometry.sty
Package: geometry 2020/01/02 v5.9 Page Geometry

(C:/Users/pak/AppData/Local/Programs/MiKTeX/tex/generic/iftex/ifvtex.sty
Package: ifvtex 2019/10/25 v1.7 ifvtex legacy package. Use iftex instead.
)
\Gm@cnth=\count301
\Gm@cntv=\count302
\c@Gm@tempcnt=\count303
\Gm@bindingoffset=\dimen163
\Gm@wd@mp=\dimen164
\Gm@odd@mp=\dimen165
\Gm@even@mp=\dimen166
\Gm@layoutwidth=\dimen167
\Gm@layoutheight=\dimen168
\Gm@layouthoffset=\dimen169
\Gm@layoutvoffset=\dimen170
\Gm@dimlist=\toks25

(C:/Users/pak/AppData/Local/Programs/MiKTeX/tex/latex/geometry/geometry.cfg))
(C:/Users/pak/AppData/Local/Programs/MiKTeX/tex/latex/adjustbox/adjustbox.sty
Package: adjustbox 2022/10/17 v1.3a Adjusting TeX boxes (trim, clip, ...)

(C:/Users/pak/AppData/Local/Programs/MiKTeX/tex/latex/xkeyval/xkeyval.sty
Package: xkeyval 2022/06/16 v2.9 package option processing (HA)

(C:/Users/pak/AppData/Local/Programs/MiKTeX/tex/generic/xkeyval/xkeyval.tex
(C:/Users/pak/AppData/Local/Programs/MiKTeX/tex/generic/xkeyval/xkvutils.tex
\XKV@toks=\toks26
\XKV@tempa@toks=\toks27
)
\XKV@depth=\count304
File: xkeyval.tex 2014/12/03 v2.7a key=value parser (HA)
)) (C:/Users/pak/AppData/Local/Programs/MiKTeX/tex/latex/adjustbox/adjcalc.sty
Package: adjcalc 2012/05/16 v1.1 Provides advanced setlength with multiple back
-ends (calc, etex, pgfmath)
)
(C:/Users/pak/AppData/Local/Programs/MiKTeX/tex/latex/adjustbox/trimclip.sty
Package: trimclip 2020/08/19 v1.2 Trim and clip general TeX material

(C:/Users/pak/AppData/Local/Programs/MiKTeX/tex/latex/graphics/graphicx.sty
Package: graphicx 2021/09/16 v1.2d Enhanced LaTeX Graphics (DPC,SPQR)

(C:/Users/pak/AppData/Local/Programs/MiKTeX/tex/latex/graphics/graphics.sty
Package: graphics 2024/08/06 v1.4g Standard LaTeX Graphics (DPC,SPQR)

(C:/Users/pak/AppData/Local/Programs/MiKTeX/tex/latex/graphics/trig.sty
Package: trig 2023/12/02 v1.11 sin cos tan (DPC)
)
(C:/Users/pak/AppData/Local/Programs/MiKTeX/tex/latex/graphics-cfg/graphics.cfg
File: graphics.cfg 2016/06/04 v1.11 sample graphics configuration
)
Package graphics Info: Driver file: luatex.def on input line 106.
)
\Gin@req@height=\dimen171
\Gin@req@width=\dimen172
)
(C:/Users/pak/AppData/Local/Programs/MiKTeX/tex/latex/collectbox/collectbox.sty
Package: collectbox 2022/10/17 v0.4c Collect macro arguments as boxes
\collectedbox=\box64
)
\tc@llx=\dimen173
\tc@lly=\dimen174
\tc@urx=\dimen175
\tc@ury=\dimen176
 (C:/Users/pak/AppData/Local/Programs/MiKTeX/tex/latex/adjustbox/tc-pgf.def
File: tc-pgf.def 2019/01/04 v2.2 trimclip fall-back clipping driver using PGF

(C:/Users/pak/AppData/Local/Programs/MiKTeX/tex/latex/pgf/basiclayer/pgf.sty
(C:/Users/pak/AppData/Local/Programs/MiKTeX/tex/latex/pgf/utilities/pgfrcs.sty
(C:/Users/pak/AppData/Local/Programs/MiKTeX/tex/generic/pgf/utilities/pgfutil-c
ommon.tex
\pgfutil@everybye=\toks28
\pgfutil@tempdima=\dimen177
\pgfutil@tempdimb=\dimen178
)
(C:/Users/pak/AppData/Local/Programs/MiKTeX/tex/generic/pgf/utilities/pgfutil-l
atex.def
\pgfutil@abb=\box65
)
(C:/Users/pak/AppData/Local/Programs/MiKTeX/tex/generic/pgf/utilities/pgfrcs.co
de.tex
(C:/Users/pak/AppData/Local/Programs/MiKTeX/tex/generic/pgf/pgf.revision.tex)
Package: pgfrcs 2023-01-15 v3.1.10 (3.1.10)
))
Package: pgf 2023-01-15 v3.1.10 (3.1.10)

(C:/Users/pak/AppData/Local/Programs/MiKTeX/tex/latex/pgf/basiclayer/pgfcore.st
y
(C:/Users/pak/AppData/Local/Programs/MiKTeX/tex/latex/pgf/systemlayer/pgfsys.st
y
(C:/Users/pak/AppData/Local/Programs/MiKTeX/tex/generic/pgf/systemlayer/pgfsys.
code.tex
Package: pgfsys 2023-01-15 v3.1.10 (3.1.10)

(C:/Users/pak/AppData/Local/Programs/MiKTeX/tex/generic/pgf/utilities/pgfkeys.c
ode.tex
\pgfkeys@pathtoks=\toks29
\pgfkeys@temptoks=\toks30

(C:/Users/pak/AppData/Local/Programs/MiKTeX/tex/generic/pgf/utilities/pgfkeysli
braryfiltered.code.tex
\pgfkeys@tmptoks=\toks31
))
\pgf@x=\dimen179
\pgf@y=\dimen180
\pgf@xa=\dimen181
\pgf@ya=\dimen182
\pgf@xb=\dimen183
\pgf@yb=\dimen184
\pgf@xc=\dimen185
\pgf@yc=\dimen186
\pgf@xd=\dimen187
\pgf@yd=\dimen188
\w@pgf@writea=\write3
\r@pgf@reada=\read3
\c@pgf@counta=\count305
\c@pgf@countb=\count306
\c@pgf@countc=\count307
\c@pgf@countd=\count308
\t@pgf@toka=\toks32
\t@pgf@tokb=\toks33
\t@pgf@tokc=\toks34
\pgf@sys@id@count=\count309

(C:/Users/pak/AppData/Local/Programs/MiKTeX/tex/generic/pgf/systemlayer/pgf.cfg
File: pgf.cfg 2023-01-15 v3.1.10 (3.1.10)
)
Driver file for pgf: pgfsys-luatex.def

(C:/Users/pak/AppData/Local/Programs/MiKTeX/tex/generic/pgf/systemlayer/pgfsys-
luatex.def
File: pgfsys-luatex.def 2023-01-15 v3.1.10 (3.1.10)

(C:/Users/pak/AppData/Local/Programs/MiKTeX/tex/generic/pgf/systemlayer/pgfsys-
common-pdf.def
File: pgfsys-common-pdf.def 2023-01-15 v3.1.10 (3.1.10)
)))
(C:/Users/pak/AppData/Local/Programs/MiKTeX/tex/generic/pgf/systemlayer/pgfsyss
oftpath.code.tex
File: pgfsyssoftpath.code.tex 2023-01-15 v3.1.10 (3.1.10)
\pgfsyssoftpath@smallbuffer@items=\count310
\pgfsyssoftpath@bigbuffer@items=\count311
)
(C:/Users/pak/AppData/Local/Programs/MiKTeX/tex/generic/pgf/systemlayer/pgfsysp
rotocol.code.tex
File: pgfsysprotocol.code.tex 2023-01-15 v3.1.10 (3.1.10)
))
(C:/Users/pak/AppData/Local/Programs/MiKTeX/tex/generic/pgf/basiclayer/pgfcore.
code.tex
Package: pgfcore 2023-01-15 v3.1.10 (3.1.10)

(C:/Users/pak/AppData/Local/Programs/MiKTeX/tex/generic/pgf/math/pgfmath.code.t
ex
(C:/Users/pak/AppData/Local/Programs/MiKTeX/tex/generic/pgf/math/pgfmathutil.co
de.tex)
(C:/Users/pak/AppData/Local/Programs/MiKTeX/tex/generic/pgf/math/pgfmathparser.
code.tex
\pgfmath@dimen=\dimen189
\pgfmath@count=\count312
\pgfmath@box=\box66
\pgfmath@toks=\toks35
\pgfmath@stack@operand=\toks36
\pgfmath@stack@operation=\toks37
)
(C:/Users/pak/AppData/Local/Programs/MiKTeX/tex/generic/pgf/math/pgfmathfunctio
ns.code.tex)
(C:/Users/pak/AppData/Local/Programs/MiKTeX/tex/generic/pgf/math/pgfmathfunctio
ns.basic.code.tex)
(C:/Users/pak/AppData/Local/Programs/MiKTeX/tex/generic/pgf/math/pgfmathfunctio
ns.trigonometric.code.tex)
(C:/Users/pak/AppData/Local/Programs/MiKTeX/tex/generic/pgf/math/pgfmathfunctio
ns.random.code.tex)
(C:/Users/pak/AppData/Local/Programs/MiKTeX/tex/generic/pgf/math/pgfmathfunctio
ns.comparison.code.tex)
(C:/Users/pak/AppData/Local/Programs/MiKTeX/tex/generic/pgf/math/pgfmathfunctio
ns.base.code.tex)
(C:/Users/pak/AppData/Local/Programs/MiKTeX/tex/generic/pgf/math/pgfmathfunctio
ns.round.code.tex)
(C:/Users/pak/AppData/Local/Programs/MiKTeX/tex/generic/pgf/math/pgfmathfunctio
ns.misc.code.tex)
(C:/Users/pak/AppData/Local/Programs/MiKTeX/tex/generic/pgf/math/pgfmathfunctio
ns.integerarithmetics.code.tex)
(C:/Users/pak/AppData/Local/Programs/MiKTeX/tex/generic/pgf/math/pgfmathcalc.co
de.tex)
(C:/Users/pak/AppData/Local/Programs/MiKTeX/tex/generic/pgf/math/pgfmathfloat.c
ode.tex
\c@pgfmathroundto@lastzeros=\count313
))
(C:/Users/pak/AppData/Local/Programs/MiKTeX/tex/generic/pgf/math/pgfint.code.te
x)
(C:/Users/pak/AppData/Local/Programs/MiKTeX/tex/generic/pgf/basiclayer/pgfcorep
oints.code.tex
File: pgfcorepoints.code.tex 2023-01-15 v3.1.10 (3.1.10)
\pgf@picminx=\dimen190
\pgf@picmaxx=\dimen191
\pgf@picminy=\dimen192
\pgf@picmaxy=\dimen193
\pgf@pathminx=\dimen194
\pgf@pathmaxx=\dimen195
\pgf@pathminy=\dimen196
\pgf@pathmaxy=\dimen197
\pgf@xx=\dimen198
\pgf@xy=\dimen199
\pgf@yx=\dimen256
\pgf@yy=\dimen257
\pgf@zx=\dimen258
\pgf@zy=\dimen259
)
(C:/Users/pak/AppData/Local/Programs/MiKTeX/tex/generic/pgf/basiclayer/pgfcorep
athconstruct.code.tex
File: pgfcorepathconstruct.code.tex 2023-01-15 v3.1.10 (3.1.10)
\pgf@path@lastx=\dimen260
\pgf@path@lasty=\dimen261
)
(C:/Users/pak/AppData/Local/Programs/MiKTeX/tex/generic/pgf/basiclayer/pgfcorep
athusage.code.tex
File: pgfcorepathusage.code.tex 2023-01-15 v3.1.10 (3.1.10)
\pgf@shorten@end@additional=\dimen262
\pgf@shorten@start@additional=\dimen263
)
(C:/Users/pak/AppData/Local/Programs/MiKTeX/tex/generic/pgf/basiclayer/pgfcores
copes.code.tex
File: pgfcorescopes.code.tex 2023-01-15 v3.1.10 (3.1.10)
\pgfpic=\box67
\pgf@hbox=\box68
\pgf@layerbox@main=\box69
\pgf@picture@serial@count=\count314
)
(C:/Users/pak/AppData/Local/Programs/MiKTeX/tex/generic/pgf/basiclayer/pgfcoreg
raphicstate.code.tex
File: pgfcoregraphicstate.code.tex 2023-01-15 v3.1.10 (3.1.10)
\pgflinewidth=\dimen264
)
(C:/Users/pak/AppData/Local/Programs/MiKTeX/tex/generic/pgf/basiclayer/pgfcoret
ransformations.code.tex
File: pgfcoretransformations.code.tex 2023-01-15 v3.1.10 (3.1.10)
\pgf@pt@x=\dimen265
\pgf@pt@y=\dimen266
\pgf@pt@temp=\dimen267
)
(C:/Users/pak/AppData/Local/Programs/MiKTeX/tex/generic/pgf/basiclayer/pgfcoreq
uick.code.tex
File: pgfcorequick.code.tex 2023-01-15 v3.1.10 (3.1.10)
)
(C:/Users/pak/AppData/Local/Programs/MiKTeX/tex/generic/pgf/basiclayer/pgfcoreo
bjects.code.tex
File: pgfcoreobjects.code.tex 2023-01-15 v3.1.10 (3.1.10)
)
(C:/Users/pak/AppData/Local/Programs/MiKTeX/tex/generic/pgf/basiclayer/pgfcorep
athprocessing.code.tex
File: pgfcorepathprocessing.code.tex 2023-01-15 v3.1.10 (3.1.10)
)
(C:/Users/pak/AppData/Local/Programs/MiKTeX/tex/generic/pgf/basiclayer/pgfcorea
rrows.code.tex
File: pgfcorearrows.code.tex 2023-01-15 v3.1.10 (3.1.10)
\pgfarrowsep=\dimen268
)
(C:/Users/pak/AppData/Local/Programs/MiKTeX/tex/generic/pgf/basiclayer/pgfcores
hade.code.tex
File: pgfcoreshade.code.tex 2023-01-15 v3.1.10 (3.1.10)
\pgf@max=\dimen269
\pgf@sys@shading@range@num=\count315
\pgf@shadingcount=\count316
)
(C:/Users/pak/AppData/Local/Programs/MiKTeX/tex/generic/pgf/basiclayer/pgfcorei
mage.code.tex
File: pgfcoreimage.code.tex 2023-01-15 v3.1.10 (3.1.10)
)
(C:/Users/pak/AppData/Local/Programs/MiKTeX/tex/generic/pgf/basiclayer/pgfcoree
xternal.code.tex
File: pgfcoreexternal.code.tex 2023-01-15 v3.1.10 (3.1.10)
\pgfexternal@startupbox=\box70
)
(C:/Users/pak/AppData/Local/Programs/MiKTeX/tex/generic/pgf/basiclayer/pgfcorel
ayers.code.tex
File: pgfcorelayers.code.tex 2023-01-15 v3.1.10 (3.1.10)
)
(C:/Users/pak/AppData/Local/Programs/MiKTeX/tex/generic/pgf/basiclayer/pgfcoret
ransparency.code.tex
File: pgfcoretransparency.code.tex 2023-01-15 v3.1.10 (3.1.10)
)
(C:/Users/pak/AppData/Local/Programs/MiKTeX/tex/generic/pgf/basiclayer/pgfcorep
atterns.code.tex
File: pgfcorepatterns.code.tex 2023-01-15 v3.1.10 (3.1.10)
)
(C:/Users/pak/AppData/Local/Programs/MiKTeX/tex/generic/pgf/basiclayer/pgfcorer
df.code.tex
File: pgfcorerdf.code.tex 2023-01-15 v3.1.10 (3.1.10)
)))
(C:/Users/pak/AppData/Local/Programs/MiKTeX/tex/generic/pgf/modules/pgfmodulesh
apes.code.tex
File: pgfmoduleshapes.code.tex 2023-01-15 v3.1.10 (3.1.10)
\pgfnodeparttextbox=\box71
)
(C:/Users/pak/AppData/Local/Programs/MiKTeX/tex/generic/pgf/modules/pgfmodulepl
ot.code.tex
File: pgfmoduleplot.code.tex 2023-01-15 v3.1.10 (3.1.10)
)
(C:/Users/pak/AppData/Local/Programs/MiKTeX/tex/latex/pgf/compatibility/pgfcomp
-version-0-65.sty
Package: pgfcomp-version-0-65 2023-01-15 v3.1.10 (3.1.10)
\pgf@nodesepstart=\dimen270
\pgf@nodesepend=\dimen271
)
(C:/Users/pak/AppData/Local/Programs/MiKTeX/tex/latex/pgf/compatibility/pgfcomp
-version-1-18.sty
Package: pgfcomp-version-1-18 2023-01-15 v3.1.10 (3.1.10)
)))
Package trimclip Info: No clipping driver 'tc-luatex.def' available.
(trimclip)             Using fall-back PGF driver.
)
\adjbox@Width=\dimen272
\adjbox@Height=\dimen273
\adjbox@Depth=\dimen274
\adjbox@Totalheight=\dimen275
\adjbox@pwidth=\dimen276
\adjbox@pheight=\dimen277
\adjbox@pdepth=\dimen278
\adjbox@ptotalheight=\dimen279

(C:/Users/pak/AppData/Local/Programs/MiKTeX/tex/latex/ifoddpage/ifoddpage.sty
Package: ifoddpage 2022/10/18 v1.2 Conditionals for odd/even page detection
\c@checkoddpage=\count317
)
(C:/Users/pak/AppData/Local/Programs/MiKTeX/tex/latex/varwidth/varwidth.sty
Package: varwidth 2009/03/30 ver 0.92;  Variable-width minipages
\@vwid@box=\box72
\sift@deathcycles=\count318
\@vwid@loff=\dimen280
\@vwid@roff=\dimen281
))
(C:/Users/pak/AppData/Local/Programs/MiKTeX/tex/latex/titlesec/titlesec.sty
Package: titlesec 2025/01/04 v2.17 Sectioning titles
\ttl@box=\box73
\beforetitleunit=\skip75
\aftertitleunit=\skip76
\ttl@plus=\dimen282
\ttl@minus=\dimen283
\ttl@toksa=\toks38
\titlewidth=\dimen284
\titlewidthlast=\dimen285
\titlewidthfirst=\dimen286
)
(C:/Users/pak/AppData/Local/Programs/MiKTeX/tex/latex/float/float.sty
Package: float 2001/11/08 v1.3d Float enhancements (AL)
\c@float@type=\count319
\float@exts=\toks39
\float@box=\box74
\@float@everytoks=\toks40
\@floatcapt=\box75
)
(C:/Users/pak/AppData/Local/Programs/MiKTeX/tex/latex/url/url.sty
\Urlmuskip=\muskip17
Package: url 2013/09/16  ver 3.4  Verb mode for urls, etc.
)
(C:/Users/pak/AppData/Local/Programs/MiKTeX/tex/latex/amsmath/amsmath.sty
Package: amsmath 2024/11/05 v2.17t AMS math features
\@mathmargin=\skip77

For additional information on amsmath, use the `?' option.
(C:/Users/pak/AppData/Local/Programs/MiKTeX/tex/latex/amsmath/amsbsy.sty
Package: amsbsy 1999/11/29 v1.2d Bold Symbols
\pmbraise@=\dimen287
)
(C:/Users/pak/AppData/Local/Programs/MiKTeX/tex/latex/amsmath/amsopn.sty
Package: amsopn 2022/04/08 v2.04 operator names
)
\inf@bad=\count320
LaTeX Info: Redefining \frac on input line 235.
\uproot@=\count321
\leftroot@=\count322
LaTeX Info: Redefining \overline on input line 398.
LaTeX Info: Redefining \colon on input line 409.
\classnum@=\count323
\DOTSCASE@=\count324
LaTeX Info: Redefining \ldots on input line 495.
LaTeX Info: Redefining \dots on input line 498.
LaTeX Info: Redefining \cdots on input line 619.
\Mathstrutbox@=\box76
\strutbox@=\box77
LaTeX Info: Redefining \big on input line 721.
LaTeX Info: Redefining \Big on input line 722.
LaTeX Info: Redefining \bigg on input line 723.
LaTeX Info: Redefining \Bigg on input line 724.
\big@size=\dimen288
LaTeX Font Info:    Redeclaring font encoding OML on input line 742.
LaTeX Font Info:    Redeclaring font encoding OMS on input line 743.
\macc@depth=\count325
LaTeX Info: Redefining \bmod on input line 904.
LaTeX Info: Redefining \pmod on input line 909.
LaTeX Info: Redefining \smash on input line 939.
LaTeX Info: Redefining \relbar on input line 969.
LaTeX Info: Redefining \Relbar on input line 970.
\c@MaxMatrixCols=\count326
\dotsspace@=\muskip18
\c@parentequation=\count327
\dspbrk@lvl=\count328
\tag@help=\toks41
\row@=\count329
\column@=\count330
\maxfields@=\count331
\andhelp@=\toks42
\eqnshift@=\dimen289
\alignsep@=\dimen290
\tagshift@=\dimen291
\tagwidth@=\dimen292
\totwidth@=\dimen293
\lineht@=\dimen294
\@envbody=\toks43
\multlinegap=\skip78
\multlinetaggap=\skip79
\mathdisplay@stack=\toks44
LaTeX Info: Redefining \[ on input line 2953.
LaTeX Info: Redefining \] on input line 2954.
)
(C:/Users/pak/AppData/Local/Programs/MiKTeX/tex/latex/amsfonts/amssymb.sty
Package: amssymb 2013/01/14 v3.01 AMS font symbols

(C:/Users/pak/AppData/Local/Programs/MiKTeX/tex/latex/amsfonts/amsfonts.sty
Package: amsfonts 2013/01/14 v3.01 Basic AMSFonts support
\symAMSa=\mathgroup4
\symAMSb=\mathgroup5
LaTeX Font Info:    Redeclaring math symbol \hbar on input line 98.
LaTeX Font Info:    Overwriting math alphabet `\mathfrak' in version `bold'
(Font)                  U/euf/m/n --> U/euf/b/n on input line 106.
))
(C:/Users/pak/AppData/Local/Programs/MiKTeX/tex/latex/tools/bm.sty
Package: bm 2023/12/19 v1.2f Bold Symbol Support (DPC/FMi)
\symboldoperators=\mathgroup6
\symboldletters=\mathgroup7
\symboldsymbols=\mathgroup8
Package bm Info: No bold for \OMX/cmex/m/n, using \pmb.
Package bm Info: No bold for \U/msa/m/n, using \pmb.
Package bm Info: No bold for \U/msb/m/n, using \pmb.
LaTeX Font Info:    Redeclaring math alphabet \mathbf on input line 149.
)
(C:/Users/pak/AppData/Local/Programs/MiKTeX/tex/latex/hyperref/hyperref.sty
Package: hyperref 2024-11-05 v7.01l Hypertext links for LaTeX

(C:/Users/pak/AppData/Local/Programs/MiKTeX/tex/latex/kvsetkeys/kvsetkeys.sty
Package: kvsetkeys 2022-10-05 v1.19 Key value parser (HO)
)
(C:/Users/pak/AppData/Local/Programs/MiKTeX/tex/generic/kvdefinekeys/kvdefineke
ys.sty
Package: kvdefinekeys 2019-12-19 v1.6 Define keys (HO)
)
(C:/Users/pak/AppData/Local/Programs/MiKTeX/tex/generic/pdfescape/pdfescape.sty
Package: pdfescape 2019/12/09 v1.15 Implements pdfTeX's escape features (HO)
) (C:/Users/pak/AppData/Local/Programs/MiKTeX/tex/latex/hycolor/hycolor.sty
Package: hycolor 2020-01-27 v1.10 Color options for hyperref/bookmark (HO)
)
(C:/Users/pak/AppData/Local/Programs/MiKTeX/tex/latex/hyperref/nameref.sty
Package: nameref 2023-11-26 v2.56 Cross-referencing by name of section

(C:/Users/pak/AppData/Local/Programs/MiKTeX/tex/latex/refcount/refcount.sty
Package: refcount 2019/12/15 v3.6 Data extraction from label references (HO)
)
(C:/Users/pak/AppData/Local/Programs/MiKTeX/tex/generic/gettitlestring/gettitle
string.sty
Package: gettitlestring 2019/12/15 v1.6 Cleanup title references (HO)

(C:/Users/pak/AppData/Local/Programs/MiKTeX/tex/latex/kvoptions/kvoptions.sty
Package: kvoptions 2022-06-15 v3.15 Key value format for package options (HO)
))
\c@section@level=\count332
)
(C:/Users/pak/AppData/Local/Programs/MiKTeX/tex/generic/stringenc/stringenc.sty
Package: stringenc 2019/11/29 v1.12 Convert strings between diff. encodings (HO
)
)
\@linkdim=\dimen295
\Hy@linkcounter=\count333
\Hy@pagecounter=\count334
 (C:/Users/pak/AppData/Local/Programs/MiKTeX/tex/latex/hyperref/pd1enc.def
File: pd1enc.def 2024-11-05 v7.01l Hyperref: PDFDocEncoding definition (HO)
)
(C:/Users/pak/AppData/Local/Programs/MiKTeX/tex/generic/intcalc/intcalc.sty
Package: intcalc 2019/12/15 v1.3 Expandable calculations with integers (HO)
)
\Hy@SavedSpaceFactor=\count335

(C:/Users/pak/AppData/Local/Programs/MiKTeX/tex/latex/hyperref/puenc.def
File: puenc.def 2024-11-05 v7.01l Hyperref: PDF Unicode definition (HO)
)
Package hyperref Info: Option `unicode' set `true' on input line 4040.
Package hyperref Info: Option `pdfusetitle' set `true' on input line 4040.
Package hyperref Info: Option `bookmarks' set `true' on input line 4040.
Package hyperref Info: Option `bookmarksnumbered' set `false' on input line 404
0.
Package hyperref Info: Option `bookmarksopen' set `false' on input line 4040.
Package hyperref Info: Option `breaklinks' set `true' on input line 4040.
Package hyperref Info: Option `colorlinks' set `false' on input line 4040.
Package hyperref Info: Hyper figures OFF on input line 4157.
Package hyperref Info: Link nesting OFF on input line 4162.
Package hyperref Info: Hyper index ON on input line 4165.
Package hyperref Info: Plain pages OFF on input line 4172.
Package hyperref Info: Backreferencing OFF on input line 4177.
Package hyperref Info: Implicit mode ON; LaTeX internals redefined.
Package hyperref Info: Bookmarks ON on input line 4424.
\c@Hy@tempcnt=\count336
LaTeX Info: Redefining \url on input line 4763.
\XeTeXLinkMargin=\dimen296

(C:/Users/pak/AppData/Local/Programs/MiKTeX/tex/generic/bitset/bitset.sty
Package: bitset 2019/12/09 v1.3 Handle bit-vector datatype (HO)

(C:/Users/pak/AppData/Local/Programs/MiKTeX/tex/generic/bigintcalc/bigintcalc.s
ty
Package: bigintcalc 2019/12/15 v1.5 Expandable calculations on big integers (HO
)
))
\Fld@menulength=\count337
\Field@Width=\dimen297
\Fld@charsize=\dimen298
Package hyperref Info: Hyper figures OFF on input line 6042.
Package hyperref Info: Link nesting OFF on input line 6047.
Package hyperref Info: Hyper index ON on input line 6050.
Package hyperref Info: backreferencing OFF on input line 6057.
Package hyperref Info: Link coloring OFF on input line 6062.
Package hyperref Info: Link coloring with OCG OFF on input line 6067.
Package hyperref Info: PDF/A mode OFF on input line 6072.

(C:/Users/pak/AppData/Local/Programs/MiKTeX/tex/latex/base/atbegshi-ltx.sty
Package: atbegshi-ltx 2021/01/10 v1.0c Emulation of the original atbegshi
package with kernel methods
)
\Hy@abspage=\count338
\c@Item=\count339
\c@Hfootnote=\count340
)
Package hyperref Info: Driver (autodetected): hluatex.

(C:/Users/pak/AppData/Local/Programs/MiKTeX/tex/latex/hyperref/hluatex.def
File: hluatex.def 2024-11-05 v7.01l Hyperref driver for luaTeX

(C:/Users/pak/AppData/Local/Programs/MiKTeX/tex/latex/base/atveryend-ltx.sty
Package: atveryend-ltx 2020/08/19 v1.0a Emulation of the original atveryend pac
kage
with kernel methods
)
\Fld@listcount=\count341
\c@bookmark@seq@number=\count342

(C:/Users/pak/AppData/Local/Programs/MiKTeX/tex/latex/rerunfilecheck/rerunfilec
heck.sty
Package: rerunfilecheck 2022-07-10 v1.10 Rerun checks for auxiliary files (HO)

(C:/Users/pak/AppData/Local/Programs/MiKTeX/tex/generic/uniquecounter/uniquecou
nter.sty
Package: uniquecounter 2019/12/15 v1.4 Provide unlimited unique counter (HO)
)
Package uniquecounter Info: New unique counter `rerunfilecheck' on input line 2
85.
)
\Hy@SectionHShift=\skip80
)
(C:/Users/pak/AppData/Local/Programs/MiKTeX/tex/latex/threeparttable/threepartt
able.sty
Package: threeparttable 2003/06/13  v 3.0
\@tempboxb=\box78
)
(C:/Users/pak/AppData/Local/Programs/MiKTeX/tex/latex/tools/tabularx.sty
Package: tabularx 2023/12/11 v2.12a `tabularx' package (DPC)
\TX@col@width=\dimen299
\TX@old@table=\dimen300
\TX@old@col=\dimen301
\TX@target=\dimen302
\TX@delta=\dimen303
\TX@cols=\count343
\TX@ftn=\toks45
)
(C:/Users/pak/AppData/Local/Programs/MiKTeX/tex/latex/booktabs/booktabs.sty
Package: booktabs 2020/01/12 v1.61803398 Publication quality tables
\heavyrulewidth=\dimen304
\lightrulewidth=\dimen305
\cmidrulewidth=\dimen306
\belowrulesep=\dimen307
\belowbottomsep=\dimen308
\aboverulesep=\dimen309
\abovetopsep=\dimen310
\cmidrulesep=\dimen311
\cmidrulekern=\dimen312
\defaultaddspace=\dimen313
\@cmidla=\count344
\@cmidlb=\count345
\@aboverulesep=\dimen314
\@belowrulesep=\dimen315
\@thisruleclass=\count346
\@lastruleclass=\count347
\@thisrulewidth=\dimen316
)
(C:/Users/pak/AppData/Local/Programs/MiKTeX/tex/latex/enumitem/enumitem.sty
Package: enumitem 2019/06/20 v3.9 Customized lists
\labelindent=\skip81
\enit@outerparindent=\dimen317
\enit@toks=\toks46
\enit@inbox=\box79
\enit@count@id=\count348
\enitdp@description=\count349
)
(C:/Users/pak/AppData/Local/Programs/MiKTeX/tex/latex/gensymb/gensymb.sty
Package: gensymb 2022/10/17 v1.0.2 (KJH)
)
(C:/Users/pak/AppData/Local/Programs/MiKTeX/tex/latex/abstract/abstract.sty
Package: abstract 2009/06/08 v1.2a configurable abstracts
\abstitleskip=\skip82
\absleftindent=\skip83
\absrightindent=\skip84
\absparindent=\skip85
\absparsep=\skip86


! LaTeX Error: Environment abstract undefined.

See the LaTeX manual or LaTeX Companion for explanation.
Type  H <return>  for immediate help.
 ...                                              
                                                  
l.104   \renewenvironment{abstract}
                                 {%
Try typing  <return>  to proceed.
If that doesn't work, type  X <return>  to quit.

) (C:/Users/pak/AppData/Local/Programs/MiKTeX/tex/latex/etoc/etoc.sty
Package: etoc 2023/10/29 v1.2d Completely customisable TOCs (JFB)

(C:/Users/pak/AppData/Local/Programs/MiKTeX/tex/latex/tools/multicol.sty
Package: multicol 2024/09/14 v1.9i multicolumn formatting (FMi)
\c@tracingmulticols=\count350
\mult@box=\box80
\multicol@leftmargin=\dimen318
\c@unbalance=\count351
\c@collectmore=\count352
\doublecol@number=\count353
\multicoltolerance=\count354
\multicolpretolerance=\count355
\full@width=\dimen319
\page@free=\dimen320
\premulticols=\dimen321
\postmulticols=\dimen322
\multicolsep=\skip87
\multicolbaselineskip=\skip88
\partial@page=\box81
\last@line=\box82
\mc@boxedresult=\box83
\maxbalancingoverflow=\dimen323
\mult@rightbox=\box84
\mult@grightbox=\box85
\mult@firstbox=\box86
\mult@gfirstbox=\box87
\@tempa=\box88
\@tempa=\box89
\@tempa=\box90
\@tempa=\box91
\@tempa=\box92
\@tempa=\box93
\@tempa=\box94
\@tempa=\box95
\@tempa=\box96
\@tempa=\box97
\@tempa=\box98
\@tempa=\box99
\@tempa=\box100
\@tempa=\box101
\@tempa=\box102
\@tempa=\box103
\@tempa=\box104
\@tempa=\box105
\@tempa=\box106
\@tempa=\box107
\@tempa=\box108
\@tempa=\box109
\@tempa=\box110
\@tempa=\box111
\@tempa=\box112
\@tempa=\box113
\@tempa=\box114
\@tempa=\box115
\@tempa=\box116
\@tempa=\box117
\@tempa=\box118
\@tempa=\box119
\@tempa=\box120
\@tempa=\box121
\@tempa=\box122
\@tempa=\box123
\c@minrows=\count356
\c@columnbadness=\count357
\c@finalcolumnbadness=\count358
\last@try=\dimen324
\multicolovershoot=\dimen325
\multicolundershoot=\dimen326
\mult@nat@firstbox=\box124
\colbreak@box=\box125
\mc@col@check@num=\count359
)
\Etoc@toctoks=\toks47
\c@etoc@tocid=\count360
\etoc@framed@titlebox=\box126
\etoc@framed@contentsbox=\box127
))
(C:/Users/pak/AppData/Local/Programs/MiKTeX/tex/latex/l3backend/l3backend-luate
x.def
File: l3backend-luatex.def 2024-05-08 L3 backend support: PDF output (LuaTeX)
\l__color_backend_stack_int=\count361
Inserting `l3color' in `luaotfload.parse_color'.
\l__pdf_internal_box=\box128
) (./informes_fisica_estados_solido.aux
LaTeX Info: Redefining \. on input line 13.
LaTeX Info: Redefining \% on input line 13.


LaTeX Warning: Label `eq:sigma0' multiply defined.


LaTeX Warning: Label `fig:res_rel' multiply defined.


LaTeX Warning: Label `fig:a' multiply defined.


LaTeX Warning: Label `sub@fig:a' multiply defined.


LaTeX Warning: Label `fig:b' multiply defined.


LaTeX Warning: Label `sub@fig:b' multiply defined.

)
\openout1 = informes_fisica_estados_solido.aux

LaTeX Font Info:    Checking defaults for OML/cmm/m/it on input line 4.
LaTeX Font Info:    ... okay on input line 4.
LaTeX Font Info:    Checking defaults for OMS/cmsy/m/n on input line 4.
LaTeX Font Info:    ... okay on input line 4.
LaTeX Font Info:    Checking defaults for OT1/cmr/m/n on input line 4.
LaTeX Font Info:    ... okay on input line 4.
LaTeX Font Info:    Checking defaults for T1/cmr/m/n on input line 4.
LaTeX Font Info:    ... okay on input line 4.
LaTeX Font Info:    Checking defaults for TS1/cmr/m/n on input line 4.
LaTeX Font Info:    ... okay on input line 4.
LaTeX Font Info:    Checking defaults for TU/lmr/m/n on input line 4.
LaTeX Font Info:    ... okay on input line 4.
LaTeX Font Info:    Checking defaults for OMX/cmex/m/n on input line 4.
LaTeX Font Info:    ... okay on input line 4.
LaTeX Font Info:    Checking defaults for U/cmr/m/n on input line 4.
LaTeX Font Info:    ... okay on input line 4.
LaTeX Font Info:    Checking defaults for PD1/pdf/m/n on input line 4.
LaTeX Font Info:    ... okay on input line 4.
LaTeX Font Info:    Checking defaults for PU/pdf/m/n on input line 4.
LaTeX Font Info:    ... okay on input line 4.
LaTeX Info: Redefining \. on input line 4.
LaTeX Info: Redefining \% on input line 4.
Package caption Info: Begin \AtBeginDocument code.
Package caption Info: float package is loaded.
Package caption Info: hyperref package is loaded.
Package caption Info: listings package is loaded.
Package caption Info: threeparttable package is loaded.
Package caption Info: End \AtBeginDocument code.

(C:/Users/pak/AppData/Local/Programs/MiKTeX/tex/latex/translations/dicts/transl
ations-basic-dictionary-spanish.trsl
File: translations-basic-dictionary-spanish.trsl (spanish translation file `tra
nslations-basic-dictionary')
)
Package translations Info: loading dictionary `translations-basic-dictionary' f
or `spanish'. on input line 4.
\c@lstlisting=\count362

(C:/Users/pak/AppData/Local/Programs/MiKTeX/tex/context/base/mkii/supp-pdf.mkii
[Loading MPS to PDF converter (version 2006.09.02).]
\scratchcounter=\count363
\scratchdimen=\dimen327
\scratchbox=\box129
\nofMPsegments=\count364
\nofMParguments=\count365
\everyMPshowfont=\toks48
\MPscratchCnt=\count366
\MPscratchDim=\dimen328
\MPnumerator=\count367
\makeMPintoPDFobject=\count368
\everyMPtoPDFconversion=\toks49
)
(C:/Users/pak/AppData/Local/Programs/MiKTeX/tex/latex/epstopdf-pkg/epstopdf-bas
e.sty
Package: epstopdf-base 2020-01-24 v2.11 Base part for package epstopdf
Package epstopdf-base Info: Redefining graphics rule for `.eps' on input line 4
85.

(C:/Users/pak/AppData/Local/Programs/MiKTeX/tex/latex/00miktex/epstopdf-sys.cfg
File: epstopdf-sys.cfg 2021/03/18 v2.0 Configuration of epstopdf for MiKTeX
))
*geometry* driver: auto-detecting
*geometry* detected driver: luatex
*geometry* verbose mode - [ preamble ] result:
* driver: luatex
* paper: <default>
* layout: <same size as paper>
* layoutoffset:(h,v)=(0.0pt,0.0pt)
* modes: twoside 
* h-part:(L,W,R)=(71.13188pt, 455.24417pt, 71.13188pt)
* v-part:(T,H,B)=(71.13188pt, 702.78317pt, 71.13188pt)
* \paperwidth=597.50793pt
* \paperheight=845.04694pt
* \textwidth=455.24417pt
* \textheight=702.78317pt
* \oddsidemargin=-1.1381pt
* \evensidemargin=-1.1381pt
* \topmargin=-34.1381pt
* \headheight=15.0pt
* \headsep=18.0pt
* \topskip=10.0pt
* \footskip=42.0pt
* \marginparwidth=63.40898pt
* \marginparsep=12.8401pt
* \columnsep=10.0pt
* \skip\footins=9.0pt plus 4.0pt minus 2.0pt
* \hoffset=0.0pt
* \voffset=0.0pt
* \mag=1000
* \@twocolumnfalse
* \@twosidetrue
* \@mparswitchtrue
* \@reversemarginfalse
* (1in=72.27pt=25.4mm, 1cm=28.453pt)

Package hyperref Info: Link coloring OFF on input line 4.
(./informes_fisica_estados_solido.out) (./informes_fisica_estados_solido.out)
\@outlinefile=\write4

\openout4 = informes_fisica_estados_solido.out
LaTeX Info: Redefining \celsius on input line 4.
Package gensymb Info: Faking symbols for \degree and \celsius on input line 4.


Package gensymb Warning: Not defining \perthousand.

LaTeX Info: Redefining \ohm on input line 4.
Package gensymb Info: Using \Omega for \ohm on input line 4.

Package gensymb Warning: Not defining \micro.

\Etoc@tf=\read4
\tf@toc=\write5

\openout5 = informes_fisica_estados_solido.toc
LaTeX Info: Redefining \. on input line 16.
LaTeX Info: Redefining \% on input line 16.
LaTeX Font Info:    Trying to load font information for U+msa on input line 16.

(C:/Users/pak/AppData/Local/Programs/MiKTeX/tex/latex/amsfonts/umsa.fd
File: umsa.fd 2013/01/14 v3.01 AMS symbols A
)
LaTeX Font Info:    Trying to load font information for U+msb on input line 16.


(C:/Users/pak/AppData/Local/Programs/MiKTeX/tex/latex/amsfonts/umsb.fd
File: umsb.fd 2013/01/14 v3.01 AMS symbols B
)

[1



{C:/Users/pak/AppData/Local/MiKTeX/fonts/map/pdftex/pdftex.map}]

[2]
Capítulo 1.


[1


]
<grafico_1_x00_Hall_Effect_Measurement_Setup_for_Electrons.png, id=295, 214.551
56pt x 138.5175pt>
File: grafico_1_x00_Hall_Effect_Measurement_Setup_for_Electrons.png Graphic fil
e (type png)
<use grafico_1_x00_Hall_Effect_Measurement_Setup_for_Electrons.png>
Package luatex.def Info: grafico_1_x00_Hall_Effect_Measurement_Setup_for_Electr
ons.png  used on input line 88.
(luatex.def)             Requested size: 250.38568pt x 161.65477pt.


[2<./grafico_1_x00_Hall_Effect_Measurement_Setup_for_Electrons.png>]

[3


Missing character: There is no σ (U+03C3) in font [lmroman10-regular]:+tlig;!
]
<grafico_1x01_Vhall_vs_Ip.png, id=330, 514.0715pt x 408.39368pt>
File: grafico_1x01_Vhall_vs_Ip.png Graphic file (type png)
<use grafico_1x01_Vhall_vs_Ip.png>
Package luatex.def Info: grafico_1x01_Vhall_vs_Ip.png  used on input line 225.
(luatex.def)             Requested size: 218.51524pt x 173.59305pt.
<grafico_1x02_Vhall_vs_B.png, id=331, 512.70793pt x 388.6217pt>
File: grafico_1x02_Vhall_vs_B.png Graphic file (type png)
<use grafico_1x02_Vhall_vs_B.png>
Package luatex.def Info: grafico_1x02_Vhall_vs_B.png  used on input line 231.
(luatex.def)             Requested size: 218.51524pt x 165.62752pt.


[4

<./grafico_1x01_Vhall_vs_Ip.png><./grafico_1x02_Vhall_vs_B.png>]
<grafico_1x04_resistencia_relativa_B.png, id=362, 464.98245pt x 333.39651pt>
File: grafico_1x04_resistencia_relativa_B.png Graphic file (type png)
<use grafico_1x04_resistencia_relativa_B.png>
Package luatex.def Info: grafico_1x04_resistencia_relativa_B.png  used on input
 line 314.
(luatex.def)             Requested size: 318.66953pt x 228.49223pt.

Underfull \vbox (badness 1142) has occurred while \output is active []



[5]
<grafico_1x05_VH_temperatura.png, id=374, 569.97849pt x 357.94104pt>
File: grafico_1x05_VH_temperatura.png Graphic file (type png)
<use grafico_1x05_VH_temperatura.png>
Package luatex.def Info: grafico_1x05_VH_temperatura.png  used on input line 32
8.
(luatex.def)             Requested size: 318.66953pt x 200.12337pt.
<grafico_1x03_conductividad_intrinseca.png, id=377, 693.38292pt x 363.39537pt>
File: grafico_1x03_conductividad_intrinseca.png Graphic file (type png)
<use grafico_1x03_conductividad_intrinseca.png>
Package luatex.def Info: grafico_1x03_conductividad_intrinseca.png  used on inp
ut line 343.
(luatex.def)             Requested size: 318.66953pt x 167.00864pt.


[6<./grafico_1x04_resistencia_relativa_B.png><./grafico_1x05_VH_temperatura.png>
]
Missing character: There is no ± (U+00B1) in font cmr10!
Missing character: There is no ± (U+00B1) in font cmr10!
Missing character: There is no · (U+00B7) in font cmr10!
Missing character: There is no · (U+00B7) in font cmr10!
Missing character: There is no ⁻ (U+207B) in font cmr10!
Missing character: There is no ⁻ (U+207B) in font cmr10!
Missing character: There is no ³ (U+00B3) in font cmr10!
Missing character: There is no ³ (U+00B3) in font cmr10!


[7
Missing character: There is no σ (U+03C3) in font [lmroman10-regular]:+tlig;!
Missing character: There is no ₀ (U+2080) in font [lmroman10-regular]:+tlig;!
Missing character: There is no ⁻ (U+207B) in font [lmroman10-regular]:+tlig;!
Missing character: There is no ₀ (U+2080) in font [lmroman10-regular]:+tlig;!
<./grafico_1x03_conductividad_intrinseca.png>]

[8]

[9]
Capítulo 2.


[10

]
<grafico_2x01_diffraction.png, id=425, 387.25812pt x 240.67273pt>
File: grafico_2x01_diffraction.png Graphic file (type png)
<use grafico_2x01_diffraction.png>
Package luatex.def Info: grafico_2x01_diffraction.png  used on input line 509.
(luatex.def)             Requested size: 227.62209pt x 141.46318pt.
<grafico_2x05_cupper_levels.png, id=426, 349.75952pt x 227.71867pt>
File: grafico_2x05_cupper_levels.png Graphic file (type png)
<use grafico_2x05_cupper_levels.png>
Package luatex.def Info: grafico_2x05_cupper_levels.png  used on input line 523
.
(luatex.def)             Requested size: 250.38568pt x 163.0226pt.


[11<./grafico_2x01_diffraction.png><./grafico_2x05_cupper_levels.png>]

[12]
<grafico_2x02_difractogramas_LiF.png, id=452, 1002.23491pt x 363.39537pt>
File: grafico_2x02_difractogramas_LiF.png Graphic file (type png)
<use grafico_2x02_difractogramas_LiF.png>
Package luatex.def Info: grafico_2x02_difractogramas_LiF.png  used on input lin
e 601.
(luatex.def)             Requested size: 409.71696pt x 148.55501pt.
<grafico_2x06_lif_structure.png, id=454, 547.47934pt x 221.58255pt>
File: grafico_2x06_lif_structure.png Graphic file (type png)
<use grafico_2x06_lif_structure.png>
Package luatex.def Info: grafico_2x06_lif_structure.png  used on input line 614
.
(luatex.def)             Requested size: 227.62209pt x 92.12747pt.

Underfull \vbox (badness 2538) has occurred while \output is active []



[13

<./grafico_2x02_difractogramas_LiF.png>]
Overfull \hbox (3.2523pt too wide) in paragraph at lines 678--678
 []|\TU/lmr/bx/n/10 2.246$\OMS/cmsy/m/n/10 $\TU/lmr/bx/n/10 0.011| 
 []


Overfull \hbox (3.2523pt too wide) in paragraph at lines 678--679
 []|\TU/lmr/bx/n/10 1.830$\OMS/cmsy/m/n/10 $\TU/lmr/bx/n/10 0.008| 
 []



[14<./grafico_2x06_lif_structure.png>]
Overfull \hbox (12.20517pt too wide) in paragraph at lines 728--737
 [][] 
 []

<grafico_2x04_Lif_sin_1_V.png, id=503, 488.16339pt x 302.03406pt>
File: grafico_2x04_Lif_sin_1_V.png Graphic file (type png)
<use grafico_2x04_Lif_sin_1_V.png>
Package luatex.def Info: grafico_2x04_Lif_sin_1_V.png  used on input line 747.
(luatex.def)             Requested size: 273.14928pt x 168.99965pt.


[15<./grafico_2x04_Lif_sin_1_V.png>]
<grafico_2x03_difractograma_KBr.png, id=518, 668.1566pt x 370.2133pt>
File: grafico_2x03_difractograma_KBr.png Graphic file (type png)
<use grafico_2x03_difractograma_KBr.png>
Package luatex.def Info: grafico_2x03_difractograma_KBr.png  used on input line
 763.
(luatex.def)             Requested size: 318.66953pt x 176.5762pt.


[16<./grafico_2x03_difractograma_KBr.png>]

[17]
Capítulo 3.


[18


]

[19]

Package hyperref Warning: Token not allowed in a PDF string (Unicode):
(hyperref)                removing `math shift' on input line 995.


Package hyperref Warning: Token not allowed in a PDF string (Unicode):
(hyperref)                removing `\rho' on input line 995.


Package hyperref Warning: Token not allowed in a PDF string (Unicode):
(hyperref)                removing `math shift' on input line 995.


Package hyperref Warning: Token not allowed in a PDF string (Unicode):
(hyperref)                removing `math shift' on input line 995.


Package hyperref Warning: Token not allowed in a PDF string (Unicode):
(hyperref)                removing `superscript' on input line 995.


Package hyperref Warning: Token not allowed in a PDF string (Unicode):
(hyperref)                removing `math shift' on input line 995.



[20]
<grafico_3x01_0.001-1.png, id=593, 629.97623pt x 414.52982pt>
File: grafico_3x01_0.001-1.png Graphic file (type png)
<use grafico_3x01_0.001-1.png>
Package luatex.def Info: grafico_3x01_0.001-1.png  used on input line 1024.
(luatex.def)             Requested size: 194.61491pt x 128.05382pt.
<grafico_3x05_0.001-1_distribucion.png, id=594, 593.15944pt x 538.61604pt>
File: grafico_3x05_0.001-1_distribucion.png Graphic file (type png)
<use grafico_3x05_0.001-1_distribucion.png>
Package luatex.def Info: grafico_3x05_0.001-1_distribucion.png  used on input l
ine 1032.
(luatex.def)             Requested size: 194.61491pt x 176.7165pt.
<grafico_3x02_0.001-1_zoom.png, id=595, 377.03122pt x 321.12425pt>
File: grafico_3x02_0.001-1_zoom.png Graphic file (type png)
<use grafico_3x02_0.001-1_zoom.png>
Package luatex.def Info: grafico_3x02_0.001-1_zoom.png  used on input line 1040
.
(luatex.def)             Requested size: 204.85847pt x 174.4874pt.
<grafico_3x03-0.001_1_minipico.png, id=596, 400.89397pt x 342.25981pt>
File: grafico_3x03-0.001_1_minipico.png Graphic file (type png)
<use grafico_3x03-0.001_1_minipico.png>
Package luatex.def Info: grafico_3x03-0.001_1_minipico.png  used on input line 
1047.
(luatex.def)             Requested size: 194.61491pt x 166.14725pt.


[21<./grafico_3x01_0.001-1.png><./grafico_3x05_0.001-1_distribucion.png><./grafi
co_3x02_0.001-1_zoom.png><./grafico_3x03-0.001_1_minipico.png>]
<grafico_3x04_0.001-1_dinamica.png, id=609, 387.93991pt x 334.07831pt>
File: grafico_3x04_0.001-1_dinamica.png Graphic file (type png)
<use grafico_3x04_0.001-1_dinamica.png>
Package luatex.def Info: grafico_3x04_0.001-1_dinamica.png  used on input line 
1071.
(luatex.def)             Requested size: 191.2017pt x 164.65305pt.
<grafico_3x06_0.001-1_dinamica_zoom.png, id=610, 430.89284pt x 348.39595pt>
File: grafico_3x06_0.001-1_dinamica_zoom.png Graphic file (type png)
<use grafico_3x06_0.001-1_dinamica_zoom.png>
Package luatex.def Info: grafico_3x06_0.001-1_dinamica_zoom.png  used on input 
line 1077.
(luatex.def)             Requested size: 204.85847pt x 165.63332pt.


Package hyperref Warning: Token not allowed in a PDF string (Unicode):
(hyperref)                removing `math shift' on input line 1085.


Package hyperref Warning: Token not allowed in a PDF string (Unicode):
(hyperref)                removing `\rho' on input line 1085.


Package hyperref Warning: Token not allowed in a PDF string (Unicode):
(hyperref)                removing `math shift' on input line 1085.


Package hyperref Warning: Token not allowed in a PDF string (Unicode):
(hyperref)                removing `math shift' on input line 1085.


Package hyperref Warning: Token not allowed in a PDF string (Unicode):
(hyperref)                removing `superscript' on input line 1085.


Package hyperref Warning: Token not allowed in a PDF string (Unicode):
(hyperref)                removing `math shift' on input line 1085.

<grafico_3x07_0.001-100_rdf_zoom.png, id=613, 505.2082pt x 400.89397pt>
File: grafico_3x07_0.001-100_rdf_zoom.png Graphic file (type png)
<use grafico_3x07_0.001-100_rdf_zoom.png>
Package luatex.def Info: grafico_3x07_0.001-100_rdf_zoom.png  used on input lin
e 1097.
(luatex.def)             Requested size: 216.24376pt x 171.59192pt.
<grafico_3x06_0.001-100_dinamica_zoom.png, id=614, 399.53038pt x 328.62396pt>
File: grafico_3x06_0.001-100_dinamica_zoom.png Graphic file (type png)
<use grafico_3x06_0.001-100_dinamica_zoom.png>
Package luatex.def Info: grafico_3x06_0.001-100_dinamica_zoom.png  used on inpu
t line 1103.
(luatex.def)             Requested size: 204.85847pt x 168.5036pt.


[22<./grafico_3x04_0.001-1_dinamica.png><./grafico_3x06_0.001-1_dinamica_zoom.pn
g><./grafico_3x07_0.001-100_rdf_zoom.png><./grafico_3x06_0.001-100_dinamica_zoom
.png>]

Package hyperref Warning: Token not allowed in a PDF string (Unicode):
(hyperref)                removing `math shift' on input line 1122.


Package hyperref Warning: Token not allowed in a PDF string (Unicode):
(hyperref)                removing `\rho' on input line 1122.


Package hyperref Warning: Token not allowed in a PDF string (Unicode):
(hyperref)                removing `math shift' on input line 1122.


Package hyperref Warning: Token not allowed in a PDF string (Unicode):
(hyperref)                removing `math shift' on input line 1122.


Package hyperref Warning: Token not allowed in a PDF string (Unicode):
(hyperref)                removing `superscript' on input line 1122.


Package hyperref Warning: Token not allowed in a PDF string (Unicode):
(hyperref)                removing `math shift' on input line 1122.

<grafico_3x08_0.01_1_rdf.png, id=627, 436.34717pt x 476.57292pt>
File: grafico_3x08_0.01_1_rdf.png Graphic file (type png)
<use grafico_3x08_0.01_1_rdf.png>
Package luatex.def Info: grafico_3x08_0.01_1_rdf.png  used on input line 1135.
(luatex.def)             Requested size: 182.09488pt x 198.8794pt.
<grafico_3x09_0.01_1_dinamica.png, id=628, 424.0749pt x 332.71472pt>
File: grafico_3x09_0.01_1_dinamica.png Graphic file (type png)
<use grafico_3x09_0.01_1_dinamica.png>
Package luatex.def Info: grafico_3x09_0.01_1_dinamica.png  used on input line 1
141.
(luatex.def)             Requested size: 227.62209pt x 178.58698pt.

Package hyperref Warning: Token not allowed in a PDF string (Unicode):
(hyperref)                removing `math shift' on input line 1160.


Package hyperref Warning: Token not allowed in a PDF string (Unicode):
(hyperref)                removing `\rho' on input line 1160.


Package hyperref Warning: Token not allowed in a PDF string (Unicode):
(hyperref)                removing `math shift' on input line 1160.


Package hyperref Warning: Token not allowed in a PDF string (Unicode):
(hyperref)                removing `math shift' on input line 1160.


Package hyperref Warning: Token not allowed in a PDF string (Unicode):
(hyperref)                removing `superscript' on input line 1160.


Package hyperref Warning: Token not allowed in a PDF string (Unicode):
(hyperref)                removing `math shift' on input line 1160.


Underfull \vbox (badness 4001) has occurred while \output is active []



[23<./grafico_3x08_0.01_1_rdf.png><./grafico_3x09_0.01_1_dinamica.png>]
<grafico_3x11_0.01_100_rdf.png, id=641, 525.66199pt x 473.16396pt>
File: grafico_3x11_0.01_100_rdf.png Graphic file (type png)
<use grafico_3x11_0.01_100_rdf.png>
Package luatex.def Info: grafico_3x11_0.01_100_rdf.png  used on input line 1182
.
(luatex.def)             Requested size: 213.9653pt x 192.59781pt.
<grafico_3x10_0.01_100_dinamica.png, id=642, 408.39368pt x 329.98755pt>
File: grafico_3x10_0.01_100_dinamica.png Graphic file (type png)
<use grafico_3x10_0.01_100_dinamica.png>
Package luatex.def Info: grafico_3x10_0.01_100_dinamica.png  used on input line
 1188.
(luatex.def)             Requested size: 227.62209pt x 183.92067pt.


Package hyperref Warning: Token not allowed in a PDF string (Unicode):
(hyperref)                removing `math shift' on input line 1197.


Package hyperref Warning: Token not allowed in a PDF string (Unicode):
(hyperref)                removing `\rho' on input line 1197.


Package hyperref Warning: Token not allowed in a PDF string (Unicode):
(hyperref)                removing `math shift' on input line 1197.


Package hyperref Warning: Token not allowed in a PDF string (Unicode):
(hyperref)                removing `math shift' on input line 1197.


Package hyperref Warning: Token not allowed in a PDF string (Unicode):
(hyperref)                removing `superscript' on input line 1197.


Package hyperref Warning: Token not allowed in a PDF string (Unicode):
(hyperref)                removing `math shift' on input line 1197.

<grafico_3x12_0.05_1_rdf.png, id=645, 422.02953pt x 398.84859pt>
File: grafico_3x12_0.05_1_rdf.png Graphic file (type png)
<use grafico_3x12_0.05_1_rdf.png>
Package luatex.def Info: grafico_3x12_0.05_1_rdf.png  used on input line 1211.
(luatex.def)             Requested size: 213.9653pt x 202.21724pt.
<grafico_3x13_0.05_1_dinamica.png, id=646, 402.25755pt x 338.16905pt>
File: grafico_3x13_0.05_1_dinamica.png Graphic file (type png)
<use grafico_3x13_0.05_1_dinamica.png>
Package luatex.def Info: grafico_3x13_0.05_1_dinamica.png  used on input line 1
217.
(luatex.def)             Requested size: 227.62209pt x 191.35483pt.

Underfull \vbox (badness 1776) has occurred while \output is active []



[24<./grafico_3x11_0.01_100_rdf.png><./grafico_3x10_0.01_100_dinamica.png>]

Package hyperref Warning: Token not allowed in a PDF string (Unicode):
(hyperref)                removing `math shift' on input line 1225.


Package hyperref Warning: Token not allowed in a PDF string (Unicode):
(hyperref)                removing `\rho' on input line 1225.


Package hyperref Warning: Token not allowed in a PDF string (Unicode):
(hyperref)                removing `math shift' on input line 1225.


Package hyperref Warning: Token not allowed in a PDF string (Unicode):
(hyperref)                removing `math shift' on input line 1225.


Package hyperref Warning: Token not allowed in a PDF string (Unicode):
(hyperref)                removing `superscript' on input line 1225.


Package hyperref Warning: Token not allowed in a PDF string (Unicode):
(hyperref)                removing `math shift' on input line 1225.

<grafico_3x14_0.05_100_rdf.png, id=658, 409.07547pt x 390.66707pt>
File: grafico_3x14_0.05_100_rdf.png Graphic file (type png)
<use grafico_3x14_0.05_100_rdf.png>
Package luatex.def Info: grafico_3x14_0.05_100_rdf.png  used on input line 1234
.
(luatex.def)             Requested size: 204.85847pt x 195.64302pt.
<grafico_3x15_0.05_100_dinamica.png, id=659, 426.12029pt x 350.44131pt>
File: grafico_3x15_0.05_100_dinamica.png Graphic file (type png)
<use grafico_3x15_0.05_100_dinamica.png>
Package luatex.def Info: grafico_3x15_0.05_100_dinamica.png  used on input line
 1240.
(luatex.def)             Requested size: 227.62209pt x 187.19817pt.

Package hyperref Warning: Token not allowed in a PDF string (Unicode):
(hyperref)                removing `math shift' on input line 1248.


Package hyperref Warning: Token not allowed in a PDF string (Unicode):
(hyperref)                removing `\rho' on input line 1248.


Package hyperref Warning: Token not allowed in a PDF string (Unicode):
(hyperref)                removing `math shift' on input line 1248.


Package hyperref Warning: Token not allowed in a PDF string (Unicode):
(hyperref)                removing `math shift' on input line 1248.


Package hyperref Warning: Token not allowed in a PDF string (Unicode):
(hyperref)                removing `superscript' on input line 1248.


Package hyperref Warning: Token not allowed in a PDF string (Unicode):
(hyperref)                removing `math shift' on input line 1248.



[25<./grafico_3x12_0.05_1_rdf.png><./grafico_3x13_0.05_1_dinamica.png><./grafico
_3x14_0.05_100_rdf.png><./grafico_3x15_0.05_100_dinamica.png>]
<grafico_3x17_0.1_rdf.png, id=670, 349.07773pt x 355.89566pt>
File: grafico_3x17_0.1_rdf.png Graphic file (type png)
<use grafico_3x17_0.1_rdf.png>
Package luatex.def Info: grafico_3x17_0.1_rdf.png  used on input line 1259.
(luatex.def)             Requested size: 172.995pt x 176.37796pt.
<grafico_3x16_0.1_rdf_detalle.png, id=671, 563.16057pt x 370.8951pt>
File: grafico_3x16_0.1_rdf_detalle.png Graphic file (type png)
<use grafico_3x16_0.1_rdf_detalle.png>
Package luatex.def Info: grafico_3x16_0.1_rdf_detalle.png  used on input line 1
264.
(luatex.def)             Requested size: 282.24916pt x 185.88852pt.
<grafico_3x18_0.1_energias_detalle.png, id=674, 484.07265pt x 355.89566pt>
File: grafico_3x18_0.1_energias_detalle.png Graphic file (type png)
<use grafico_3x18_0.1_energias_detalle.png>
Package luatex.def Info: grafico_3x18_0.1_energias_detalle.png  used on input l
ine 1280.
(luatex.def)             Requested size: 273.14928pt x 200.82074pt.


[26<./grafico_3x17_0.1_rdf.png><./grafico_3x16_0.1_rdf_detalle.png><./grafico_3x
18_0.1_energias_detalle.png>]
<grafico_3x19_voronoi_T1.png, id=686, 1204.5pt x 401.5pt>
File: grafico_3x19_voronoi_T1.png Graphic file (type png)
<use grafico_3x19_voronoi_T1.png>
Package luatex.def Info: grafico_3x19_voronoi_T1.png  used on input line 1297.
(luatex.def)             Requested size: 409.71696pt x 136.56944pt.
<grafico_3x20_voronoi_T100.png, id=687, 1204.5pt x 401.5pt>
File: grafico_3x20_voronoi_T100.png Graphic file (type png)
<use grafico_3x20_voronoi_T100.png>
Package luatex.def Info: grafico_3x20_voronoi_T100.png  used on input line 1303
.
(luatex.def)             Requested size: 409.71696pt x 136.56944pt.
<grafico_3x21_voronoi_T1000.png, id=688, 1204.5pt x 401.5pt>
File: grafico_3x21_voronoi_T1000.png Graphic file (type png)
<use grafico_3x21_voronoi_T1000.png>
Package luatex.def Info: grafico_3x21_voronoi_T1000.png  used on input line 130
9.
(luatex.def)             Requested size: 409.71696pt x 136.56944pt.


[27<./grafico_3x19_voronoi_T1.png><./grafico_3x20_voronoi_T100.png><./grafico_3x
21_voronoi_T1000.png>]
<grafico_3x22_termalizacion.png, id=696, 493.61774pt x 359.98642pt>
File: grafico_3x22_termalizacion.png Graphic file (type png)
<use grafico_3x22_termalizacion.png>
Package luatex.def Info: grafico_3x22_termalizacion.png  used on input line 134
1.
(luatex.def)             Requested size: 295.90593pt x 215.80675pt.


[28
Missing character: There is no ρ (U+03C1) in font [lmroman10-regular]:+tlig;!
Missing character: There is no ⁻ (U+207B) in font [lmroman10-regular]:+tlig;!
Missing character: There is no ≈ (U+2248) in font [lmroman10-regular]:+tlig;!
Missing character: There is no ρ (U+03C1) in font [lmroman10-regular]:+tlig;!
Missing character: There is no ⁻ (U+207B) in font [lmroman10-regular]:+tlig;!
<./grafico_3x22_termalizacion.png>]
Underfull \hbox (badness 10000) in paragraph at lines 1405--1406
[]\TU/lmr/m/n/10 UNED-Soft-Mat-ter. Ran-domPha-se. GitHub, 2022, []$\TU/lmtt/m/
n/10 https://github.com/UNEDSoftMatter/
 []



[29
Missing character: There is no ρ (U+03C1) in font [lmroman10-regular]:+tlig;!
Missing character: There is no ⁻ (U+207B) in font [lmroman10-regular]:+tlig;!
]
Capítulo 4.


[30

]

[31]

[32]
<grafico01_irradiancia_vs_distancia.png, id=759, 401.57576pt x 324.5332pt>
File: grafico01_irradiancia_vs_distancia.png Graphic file (type png)
<use grafico01_irradiancia_vs_distancia.png>
Package luatex.def Info: grafico01_irradiancia_vs_distancia.png  used on input 
line 1633.
(luatex.def)             Requested size: 191.2017pt x 154.52132pt.
<grafico02_ajuste_loglog_irradiancia_vs_distancia.png, id=760, 421.34773pt x 30
7.4884pt>
File: grafico02_ajuste_loglog_irradiancia_vs_distancia.png Graphic file (type p
ng)
<use grafico02_ajuste_loglog_irradiancia_vs_distancia.png>
Package luatex.def Info: grafico02_ajuste_loglog_irradiancia_vs_distancia.png  
used on input line 1638.
(luatex.def)             Requested size: 232.17201pt x 169.43349pt.
<grafico03_curvas_caracteristicas_celula_solar.png, id=763, 1033.59735pt x 490.
89056pt>
File: grafico03_curvas_caracteristicas_celula_solar.png Graphic file (type png)

<use grafico03_curvas_caracteristicas_celula_solar.png>
Package luatex.def Info: grafico03_curvas_caracteristicas_celula_solar.png  use
d on input line 1653.
(luatex.def)             Requested size: 409.71696pt x 194.585pt.


[33<./grafico01_irradiancia_vs_distancia.png><./grafico02_ajuste_loglog_irradian
cia_vs_distancia.png>]
<grafico04_ajuste_Isc_irradiancia.png, id=781, 459.5281pt x 319.76067pt>
File: grafico04_ajuste_Isc_irradiancia.png Graphic file (type png)
<use grafico04_ajuste_Isc_irradiancia.png>
Package luatex.def Info: grafico04_ajuste_Isc_irradiancia.png  used on input li
ne 1698.
(luatex.def)             Requested size: 209.41537pt x 145.72064pt.
<grafico05_puntos_Voc_irradiancia.png, id=782, 468.39142pt x 319.07887pt>
File: grafico05_puntos_Voc_irradiancia.png Graphic file (type png)
<use grafico05_puntos_Voc_irradiancia.png>
Package luatex.def Info: grafico05_puntos_Voc_irradiancia.png  used on input li
ne 1703.
(luatex.def)             Requested size: 209.41537pt x 142.65909pt.


[34<./grafico03_curvas_caracteristicas_celula_solar.png><./grafico04_ajuste_Isc_
irradiancia.png><./grafico05_puntos_Voc_irradiancia.png>]
<grafico06_I_V_temperatura.png, id=796, 730.88152pt x 356.57745pt>
File: grafico06_I_V_temperatura.png Graphic file (type png)
<use grafico06_I_V_temperatura.png>
Package luatex.def Info: grafico06_I_V_temperatura.png  used on input line 1734
.
(luatex.def)             Requested size: 341.43312pt x 166.57396pt.
<grafico07_I_V_luz_solar.png, id=799, 541.3432pt x 289.7618pt>
File: grafico07_I_V_luz_solar.png Graphic file (type png)
<use grafico07_I_V_luz_solar.png>
Package luatex.def Info: grafico07_I_V_luz_solar.png  used on input line 1748.
(luatex.def)             Requested size: 295.90593pt x 158.39233pt.


[35<./grafico06_I_V_temperatura.png><./grafico07_I_V_luz_solar.png>]

[36]
<grafico08_respuesta_espectral.png, id=833, 471.11859pt x 354.53207pt>
File: grafico08_respuesta_espectral.png Graphic file (type png)
<use grafico08_respuesta_espectral.png>
Package luatex.def Info: grafico08_respuesta_espectral.png  used on input line 
1824.
(luatex.def)             Requested size: 273.14928pt x 205.56383pt.


[37]

[38<./grafico08_respuesta_espectral.png>]

[39

] (./informes_fisica_estados_solido.aux
LaTeX Info: Redefining \. on input line 13.
LaTeX Info: Redefining \% on input line 13.
)
 ***********
LaTeX2e <2024-11-01> patch level 1
L3 programming layer <2024-12-25>
 ***********


LaTeX Warning: There were multiply-defined labels.

Package rerunfilecheck Info: File `informes_fisica_estados_solido.out' has not 
changed.
(rerunfilecheck)             Checksum: B4819C9E137F37325733669286A4D9C6;10331.
)

Here is how much of LuaTeX's memory you used:
 31812 strings out of 475518
 156269,1373583 words of node,token memory allocated
 1147 words of node memory still in use:
   7 hlist, 2 vlist, 2 rule, 4 glue, 4 kern, 1 glyph, 176 attribute, 73 glue_spe
c, 90 attribute_list, 2 write, 4 pdf_action nodes
   avail lists: 2:1566,3:764,4:265,5:745,6:200,7:13161,8:107,9:1261,10:36,11:176
9
 53800 multiletter control sequences out of 65536+600000
 97 fonts using 7128839 bytes
 113i,15n,104p,1679b,1268s stack positions out of 10000i,1000n,20000p,200000b,200000s
<//?/c:/users/pak/appdata/local/programs/miktex/fonts/opentype/public/lm/lmroman
7-regular.otf><//?/c:/users/pak/appdata/local/programs/miktex/fonts/opentype/pub
lic/lm/lmmono10-regular.otf><//?/c:/users/pak/appdata/local/programs/miktex/font
s/opentype/public/lm/lmroman6-regular.otf><//?/c:/users/pak/appdata/local/progra
ms/miktex/fonts/opentype/public/lm/lmroman9-regular.otf><//?/c:/users/pak/appdat
a/local/programs/miktex/fonts/opentype/public/lm/lmroman10-italic.otf><//?/c:/us
ers/pak/appdata/local/programs/miktex/fonts/opentype/public/lm/lmroman8-regular.
otf><//?/c:/users/pak/appdata/local/programs/miktex/fonts/opentype/public/lm/lmr
omancaps10-regular.otf><//?/c:/users/pak/appdata/local/programs/miktex/fonts/ope
ntype/public/lm/lmroman10-regular.otf><//?/c:/users/pak/appdata/local/programs/m
iktex/fonts/opentype/public/lm/lmroman10-bold.otf><//?/c:/users/pak/appdata/loca
l/programs/miktex/fonts/opentype/public/lm/lmroman12-bold.otf><C:/Users/pak/AppD
ata/Local/Programs/MiKTeX/fonts/type1/public/amsfonts/cm/cmbx10.pfb><C:/Users/pa
k/AppData/Local/Programs/MiKTeX/fonts/type1/public/amsfonts/cm/cmex10.pfb><C:/Us
ers/pak/AppData/Local/Programs/MiKTeX/fonts/type1/public/amsfonts/cm/cmmi10.pfb>
<C:/Users/pak/AppData/Local/Programs/MiKTeX/fonts/type1/public/amsfonts/cm/cmmi1
2.pfb><C:/Users/pak/AppData/Local/Programs/MiKTeX/fonts/type1/public/amsfonts/cm
/cmmi5.pfb><C:/Users/pak/AppData/Local/Programs/MiKTeX/fonts/type1/public/amsfon
ts/cm/cmmi6.pfb><C:/Users/pak/AppData/Local/Programs/MiKTeX/fonts/type1/public/a
msfonts/cm/cmmi7.pfb><C:/Users/pak/AppData/Local/Programs/MiKTeX/fonts/type1/pub
lic/amsfonts/cm/cmmi8.pfb><C:/Users/pak/AppData/Local/Programs/MiKTeX/fonts/type
1/public/amsfonts/cm/cmmi9.pfb><C:/Users/pak/AppData/Local/Programs/MiKTeX/fonts
/type1/public/amsfonts/cm/cmr10.pfb><C:/Users/pak/AppData/Local/Programs/MiKTeX/
fonts/type1/public/amsfonts/cm/cmr12.pfb><C:/Users/pak/AppData/Local/Programs/Mi
KTeX/fonts/type1/public/amsfonts/cm/cmr5.pfb><C:/Users/pak/AppData/Local/Program
s/MiKTeX/fonts/type1/public/amsfonts/cm/cmr6.pfb><C:/Users/pak/AppData/Local/Pro
grams/MiKTeX/fonts/type1/public/amsfonts/cm/cmr7.pfb><C:/Users/pak/AppData/Local
/Programs/MiKTeX/fonts/type1/public/amsfonts/cm/cmr8.pfb><C:/Users/pak/AppData/L
ocal/Programs/MiKTeX/fonts/type1/public/amsfonts/cm/cmsy10.pfb><C:/Users/pak/App
Data/Local/Programs/MiKTeX/fonts/type1/public/amsfonts/cm/cmsy6.pfb><C:/Users/pa
k/AppData/Local/Programs/MiKTeX/fonts/type1/public/amsfonts/cm/cmsy7.pfb><C:/Use
rs/pak/AppData/Local/Programs/MiKTeX/fonts/type1/public/amsfonts/cm/cmsy8.pfb><C
:/Users/pak/AppData/Local/Programs/MiKTeX/fonts/type1/public/amsfonts/cm/cmsy9.p
fb>
Output written on informes_fisica_estados_solido.pdf (41 pages, 4703692 bytes).

PDF statistics: 987 PDF objects out of 1000 (max. 8388607)
 214 named destinations out of 1000 (max. 131072)
 416 words of extra memory for PDF output out of 10000 (max. 100000000)

