\BOOKMARK [0][-]{chapter.1}{\376\377\000F\000l\000u\000j\000o\000s\000\040\000e\000n\000\040\000c\000o\000n\000d\000u\000c\000t\000o\000s\000.}{}% 1
\BOOKMARK [1][-]{section.1.1}{\376\377\000I\000n\000t\000r\000o\000d\000u\000c\000c\000i\000\363\000n}{chapter.1}% 2
\BOOKMARK [1][-]{section.1.2}{\376\377\000F\000u\000n\000d\000a\000m\000e\000n\000t\000o\000\040\000t\000e\000\363\000r\000i\000c\000o}{chapter.1}% 3
\BOOKMARK [1][-]{section.1.3}{\376\377\000M\000e\000t\000o\000d\000o\000l\000o\000g\000\355\000a}{chapter.1}% 4
\BOOKMARK [2][-]{subsection.1.3.1}{\376\377\000P\000r\000o\000c\000e\000d\000i\000m\000i\000e\000n\000t\000o\000\040\000e\000x\000p\000e\000r\000i\000m\000e\000n\000t\000a\000l}{section.1.3}% 5
\BOOKMARK [2][-]{subsection.1.3.2}{\376\377\000P\000r\000o\000p\000a\000g\000a\000c\000i\000o\000n\000\040\000d\000e\000\040\000e\000r\000r\000o\000r\000e\000s}{section.1.3}% 6
\BOOKMARK [1][-]{section.1.4}{\376\377\000T\000o\000m\000a\000\040\000d\000e\000\040\000d\000a\000t\000o\000s\000\040\000y\000\040\000r\000e\000s\000u\000l\000t\000a\000d\000o\000s}{chapter.1}% 7
\BOOKMARK [1][-]{section.1.5}{\376\377\000D\000i\000s\000c\000u\000s\000i\000\363\000n}{chapter.1}% 8
\BOOKMARK [1][-]{section.1.6}{\376\377\000C\000o\000n\000c\000l\000u\000s\000i\000o\000n\000e\000s}{chapter.1}% 9
\BOOKMARK [1][-]{section.1.7}{\376\377\000R\000e\000f\000e\000r\000e\000n\000c\000i\000a\000s}{chapter.1}% 10
\BOOKMARK [0][-]{chapter.2}{\376\377\000R\000e\000l\000a\000c\000i\000\363\000n\000\040\000d\000e\000\040\000d\000i\000s\000p\000e\000r\000s\000i\000\363\000n\000\040\000d\000e\000\040\000o\000n\000d\000a\000s\000\040\000d\000e\000\040\000t\000e\000n\000s\000i\000\363\000n\000\040\000s\000u\000p\000e\000r\000f\000i\000c\000i\000a\000l\000.}{}% 11
\BOOKMARK [1][-]{section.2.1}{\376\377\000I\000n\000t\000r\000o\000d\000u\000c\000c\000i\000\363\000n}{chapter.2}% 12
\BOOKMARK [1][-]{section.2.2}{\376\377\000F\000u\000n\000d\000a\000m\000e\000n\000t\000o\000\040\000t\000e\000\363\000r\000i\000c\000o}{chapter.2}% 13
\BOOKMARK [1][-]{section.2.3}{\376\377\000M\000e\000t\000o\000d\000o\000l\000o\000g\000\355\000a}{chapter.2}% 14
\BOOKMARK [2][-]{subsection.2.3.1}{\376\377\000D\000e\000s\000c\000r\000i\000p\000c\000i\000\363\000n\000\040\000d\000e\000l\000\040\000e\000x\000p\000e\000r\000i\000m\000e\000n\000t\000o}{section.2.3}% 15
\BOOKMARK [2][-]{subsection.2.3.2}{\376\377\000P\000r\000o\000p\000a\000g\000a\000c\000i\000\363\000n\000\040\000d\000e\000\040\000e\000r\000r\000o\000r\000e\000s}{section.2.3}% 16
\BOOKMARK [1][-]{section.2.4}{\376\377\000R\000e\000s\000u\000l\000t\000a\000d\000o\000s}{chapter.2}% 17
\BOOKMARK [1][-]{section.2.5}{\376\377\000D\000i\000s\000c\000u\000s\000i\000\363\000n}{chapter.2}% 18
\BOOKMARK [1][-]{section.2.6}{\376\377\000C\000o\000n\000c\000l\000u\000s\000i\000o\000n\000e\000s}{chapter.2}% 19
\BOOKMARK [1][-]{section.2.7}{\376\377\000R\000e\000f\000e\000r\000e\000n\000c\000i\000a\000s}{chapter.2}% 20
